#
# There is insufficient memory for the Java Runtime Environment to continue.
# Native memory allocation (malloc) failed to allocate 363616 bytes for Chunk::new
# Possible reasons:
#   The system is out of physical RAM or swap space
#   In 32 bit mode, the process size limit was hit
# Possible solutions:
#   Reduce memory load on the system
#   Increase physical memory or swap space
#   Check if swap backing store is full
#   Use 64 bit Java on a 64 bit OS
#   Decrease Java heap size (-Xmx/-Xms)
#   Decrease number of Java threads
#   Decrease Java thread stack sizes (-Xss)
#   Set larger code cache with -XX:ReservedCodeCacheSize=
# This output file may be truncated or incomplete.
#
#  Out of Memory Error (allocation.cpp:390), pid=9704, tid=0x0000000000001924
#
# JRE version: OpenJDK Runtime Environment (8.0_76-b01) (build 1.8.0_76-release-b01)
# Java VM: OpenJDK 64-Bit Server VM (25.76-b01 mixed mode windows-amd64 compressed oops)
# Failed to write core dump. Minidumps are not enabled by default on client versions of Windows
#

---------------  T H R E A D  ---------------

Current thread (0x000000001be67800):  JavaThread "C2 CompilerThread0" daemon [_thread_in_native, id=6436, stack(0x000000001d4a0000,0x000000001d5a0000)]

Stack: [0x000000001d4a0000,0x000000001d5a0000]
[error occurred during error reporting (printing stack bounds), id 0xc0000005]

Native frames: (J=compiled Java code, j=interpreted, Vv=VM code, C=native code)


Current CompileTask:
C2:   5652 1328       4       com.android.dx.ssa.SCCP::simulateStmt (481 bytes)


---------------  P R O C E S S  ---------------

Java Threads: ( => current thread )
  0x000000001bebe800 JavaThread "Service Thread" daemon [_thread_blocked, id=10560, stack(0x000000001dba0000,0x000000001dca0000)]
  0x000000001be5e800 JavaThread "C1 CompilerThread2" daemon [_thread_blocked, id=15032, stack(0x000000001d6a0000,0x000000001d7a0000)]
  0x000000001be6a800 JavaThread "C2 CompilerThread1" daemon [_thread_blocked, id=14244, stack(0x000000001d5a0000,0x000000001d6a0000)]
=>0x000000001be67800 JavaThread "C2 CompilerThread0" daemon [_thread_in_native, id=6436, stack(0x000000001d4a0000,0x000000001d5a0000)]
  0x000000001be66000 JavaThread "Attach Listener" daemon [_thread_blocked, id=14856, stack(0x000000001d3a0000,0x000000001d4a0000)]
  0x000000001be65000 JavaThread "Signal Dispatcher" daemon [_thread_blocked, id=6004, stack(0x000000001d2a0000,0x000000001d3a0000)]
  0x000000001be48800 JavaThread "Finalizer" daemon [_thread_blocked, id=7952, stack(0x000000001d0c0000,0x000000001d1c0000)]
  0x0000000002781000 JavaThread "Reference Handler" daemon [_thread_blocked, id=10192, stack(0x000000001cfc0000,0x000000001d0c0000)]
  0x00000000024fd800 JavaThread "main" [_thread_in_vm, id=3216, stack(0x0000000002590000,0x0000000002690000)]

Other Threads:
  0x000000001be25800 VMThread [stack: 0x000000001cec0000,0x000000001cfc0000] [id=6928]
  0x000000001d7bd000 WatcherThread [stack: 0x000000001dca0000,0x000000001dda0000] [id=14420]

VM state:not at safepoint (normal execution)

VM Mutex/Monitor currently owned by a thread: None

Heap:
 PSYoungGen      total 38400K, used 8084K [0x000000076ab00000, 0x000000076f600000, 0x00000007c0000000)
  eden space 33280K, 8% used [0x000000076ab00000,0x000000076adeca70,0x000000076cb80000)
  from space 5120K, 99% used [0x000000076cb80000,0x000000076d078910,0x000000076d080000)
  to   space 5120K, 0% used [0x000000076f100000,0x000000076f100000,0x000000076f600000)
 ParOldGen       total 87552K, used 2202K [0x00000006c0000000, 0x00000006c5580000, 0x000000076ab00000)
  object space 87552K, 2% used [0x00000006c0000000,0x00000006c0226958,0x00000006c5580000)
 Metaspace       used 5640K, capacity 6896K, committed 7040K, reserved 1056768K
  class space    used 535K, capacity 616K, committed 640K, reserved 1048576K

Card table byte_map: [0x0000000011b50000,0x0000000012360000] byte_map_base: 0x000000000e550000

Marking Bits: (ParMarkBitMap*) 0x000000006d529d00
 Begin Bits: [0x0000000012cc0000, 0x0000000016cc0000)
 End Bits:   [0x0000000016cc0000, 0x000000001acc0000)

Polling page: 0x0000000000ea0000

CodeCache: size=245760Kb used=5948Kb max_used=5965Kb free=239811Kb
 bounds [0x0000000002790000, 0x0000000002d70000, 0x0000000011790000]
 total_blobs=1591 nmethods=1327 adapters=178
 compilation: enabled

Compilation events (10 events):
Event: 5.575 Thread 0x000000001be67800 nmethod 1318 0x0000000002d3d610 code [0x0000000002d3d7a0, 0x0000000002d3de48]
Event: 5.575 Thread 0x000000001be67800 1324       4       java.util.Collections$UnmodifiableCollection$1::next (10 bytes)
Event: 5.581 Thread 0x000000001be5e800 nmethod 1326 0x0000000002d3e510 code [0x0000000002d3fc80, 0x0000000002d507a8]
Event: 5.582 Thread 0x000000001be67800 nmethod 1324 0x0000000002d397d0 code [0x0000000002d39920, 0x0000000002d39b98]
Event: 5.582 Thread 0x000000001be67800 1320       4       com.android.dx.rop.code.PlainInsn::withNewRegisters (18 bytes)
Event: 5.585 Thread 0x000000001be67800 nmethod 1320 0x0000000002d62050 code [0x0000000002d621a0, 0x0000000002d62378]
Event: 5.585 Thread 0x000000001be67800 1328       4       com.android.dx.ssa.SCCP::simulateStmt (481 bytes)
Event: 5.615 Thread 0x000000001be6a800 nmethod 1313 0x0000000002d65790 code [0x0000000002d65a80, 0x0000000002d674a0]
Event: 5.615 Thread 0x000000001be6a800 1327       4       com.android.dx.rop.type.Type::equals (31 bytes)
Event: 5.617 Thread 0x000000001be6a800 nmethod 1327 0x0000000002d653d0 code [0x0000000002d65520, 0x0000000002d656b8]

GC Heap History (2 events):
Event: 5.410 GC heap before
{Heap before GC invocations=1 (full 0):
 PSYoungGen      total 38400K, used 33280K [0x000000076ab00000, 0x000000076d580000, 0x00000007c0000000)
  eden space 33280K, 100% used [0x000000076ab00000,0x000000076cb80000,0x000000076cb80000)
  from space 5120K, 0% used [0x000000076d080000,0x000000076d080000,0x000000076d580000)
  to   space 5120K, 0% used [0x000000076cb80000,0x000000076cb80000,0x000000076d080000)
 ParOldGen       total 87552K, used 0K [0x00000006c0000000, 0x00000006c5580000, 0x000000076ab00000)
  object space 87552K, 0% used [0x00000006c0000000,0x00000006c0000000,0x00000006c5580000)
 Metaspace       used 5627K, capacity 6896K, committed 7040K, reserved 1056768K
  class space    used 535K, capacity 616K, committed 640K, reserved 1048576K
Event: 5.482 GC heap after
Heap after GC invocations=1 (full 0):
 PSYoungGen      total 38400K, used 5090K [0x000000076ab00000, 0x000000076f600000, 0x00000007c0000000)
  eden space 33280K, 0% used [0x000000076ab00000,0x000000076ab00000,0x000000076cb80000)
  from space 5120K, 99% used [0x000000076cb80000,0x000000076d078910,0x000000076d080000)
  to   space 5120K, 0% used [0x000000076f100000,0x000000076f100000,0x000000076f600000)
 ParOldGen       total 87552K, used 2202K [0x00000006c0000000, 0x00000006c5580000, 0x000000076ab00000)
  object space 87552K, 2% used [0x00000006c0000000,0x00000006c0226958,0x00000006c5580000)
 Metaspace       used 5627K, capacity 6896K, committed 7040K, reserved 1056768K
  class space    used 535K, capacity 616K, committed 640K, reserved 1048576K
}

Deoptimization events (10 events):
Event: 3.182 Thread 0x00000000024fd800 Uncommon trap: reason=class_check action=maybe_recompile pc=0x0000000002c0b408 method=com.android.dx.ssa.NormalSsaInsn.accept(Lcom/android/dx/ssa/SsaInsn$Visitor;)V @ 9
Event: 3.182 Thread 0x00000000024fd800 Uncommon trap: reason=class_check action=maybe_recompile pc=0x0000000002c0b408 method=com.android.dx.ssa.NormalSsaInsn.accept(Lcom/android/dx/ssa/SsaInsn$Visitor;)V @ 9
Event: 3.183 Thread 0x00000000024fd800 Uncommon trap: reason=class_check action=maybe_recompile pc=0x0000000002c0b408 method=com.android.dx.ssa.NormalSsaInsn.accept(Lcom/android/dx/ssa/SsaInsn$Visitor;)V @ 9
Event: 3.183 Thread 0x00000000024fd800 Uncommon trap: reason=class_check action=maybe_recompile pc=0x0000000002aab3e8 method=com.android.dx.ssa.NormalSsaInsn.accept(Lcom/android/dx/ssa/SsaInsn$Visitor;)V @ 9
Event: 3.198 Thread 0x00000000024fd800 Uncommon trap: reason=class_check action=maybe_recompile pc=0x0000000002a64ef0 method=com.android.dx.ssa.NormalSsaInsn.accept(Lcom/android/dx/ssa/SsaInsn$Visitor;)V @ 9
Event: 3.691 Thread 0x00000000024fd800 Uncommon trap: reason=unstable_if action=reinterpret pc=0x0000000002a68338 method=java.util.BitSet.ensureCapacity(I)V @ 6
Event: 3.712 Thread 0x00000000024fd800 Uncommon trap: reason=unstable_if action=reinterpret pc=0x0000000002c4f8fc method=com.android.dx.util.LabeledList.set(ILcom/android/dx/util/LabeledItem;)V @ 16
Event: 5.274 Thread 0x00000000024fd800 Uncommon trap: reason=unloaded action=reinterpret pc=0x0000000002cccd3c method=com.android.dx.cf.cst.ConstantPoolParser.parse0(ILjava/util/BitSet;)Lcom/android/dx/rop/cst/Constant; @ 198
Event: 5.550 Thread 0x00000000024fd800 Uncommon trap: reason=uninitialized action=reinterpret pc=0x0000000002cba708 method=com.android.dx.cf.code.BytecodeArray.parseInstruction(ILcom/android/dx/cf/code/BytecodeArray$Visitor;)I @ 1015
Event: 5.585 Thread 0x00000000024fd800 Uncommon trap: reason=bimorphic action=maybe_recompile pc=0x0000000002c1a3a4 method=java.util.HashMap.putVal(ILjava/lang/Object;Ljava/lang/Object;ZZ)Ljava/lang/Object; @ 91

Internal exceptions (2 events):
Event: 0.064 Thread 0x00000000024fd800 Exception <a 'java/lang/NoSuchMethodError': Method sun.misc.Unsafe.defineClass(Ljava/lang/String;[BII)Ljava/lang/Class; name or signature does not match> (0x000000076ab07cc0) thrown at [C:\src\android\AOSP-openjdk\external\jetbrains\jdk\hotspot\src\share\v–~ã~Å\°?
Event: 0.064 Thread 0x00000000024fd800 Exception <a 'java/lang/NoSuchMethodError': Method sun.misc.Unsafe.prefetchRead(Ljava/lang/Object;J)V name or signature does not match> (0x000000076ab07fa8) thrown at [C:\src\android\AOSP-openjdk\external\jetbrains\jdk\hotspot\src\share\vm\prims\jni.cpp, l

Events (10 events):
Event: 5.307 Thread 0x00000000024fd800 DEOPT PACKING pc=0x0000000002aaf609 sp=0x000000000268e640
Event: 5.307 Thread 0x00000000024fd800 DEOPT UNPACKING pc=0x00000000027d75bf sp=0x000000000268e408 mode 0
Event: 5.410 Executing VM operation: ParallelGCFailedAllocation
Event: 5.482 Executing VM operation: ParallelGCFailedAllocation done
Event: 5.550 Thread 0x00000000024fd800 Uncommon trap: trap_request=0xffffffb5 fr.pc=0x0000000002cba708
Event: 5.550 Thread 0x00000000024fd800 DEOPT PACKING pc=0x0000000002cba708 sp=0x000000000268e820
Event: 5.550 Thread 0x00000000024fd800 DEOPT UNPACKING pc=0x00000000027d556a sp=0x000000000268e7a0 mode 2
Event: 5.585 Thread 0x00000000024fd800 Uncommon trap: trap_request=0xffffffc6 fr.pc=0x0000000002c1a3a4
Event: 5.585 Thread 0x00000000024fd800 DEOPT PACKING pc=0x0000000002c1a3a4 sp=0x000000000268e670
Event: 5.585 Thread 0x00000000024fd800 DEOPT UNPACKING pc=0x00000000027d556a sp=0x000000000268e5f8 mode 2


Dynamic libraries:
0x00007ff78d510000 - 0x00007ff78d545000 	C:\Program Files\Android\android-studio\jre\bin\java.exe
0x00007ffaa26c0000 - 0x00007ffaa2881000 	C:\WINDOWS\SYSTEM32\ntdll.dll
0x00007ffaa0090000 - 0x00007ffaa013d000 	C:\WINDOWS\system32\KERNEL32.DLL
0x00007ffa9f220000 - 0x00007ffa9f408000 	C:\WINDOWS\system32\KERNELBASE.dll
0x00007ffa9ff10000 - 0x00007ffa9ffb7000 	C:\WINDOWS\system32\ADVAPI32.dll
0x00007ffa9fad0000 - 0x00007ffa9fb6d000 	C:\WINDOWS\system32\msvcrt.dll
0x00007ffa9fcd0000 - 0x00007ffa9fd2b000 	C:\WINDOWS\system32\sechost.dll
0x00007ffaa09c0000 - 0x00007ffaa0adc000 	C:\WINDOWS\system32\RPCRT4.dll
0x00007ffa9fb70000 - 0x00007ffa9fcc6000 	C:\WINDOWS\system32\USER32.dll
0x00007ffa9fd30000 - 0x00007ffa9feb6000 	C:\WINDOWS\system32\GDI32.dll
0x00007ffa8cb50000 - 0x00007ffa8cdc4000 	C:\WINDOWS\WinSxS\amd64_microsoft.windows.common-controls_6595b64144ccf1df_6.0.10586.0_none_8c15ae12515e1c22\COMCTL32.dll
0x00007ffaa0ae0000 - 0x00007ffaa0d5d000 	C:\WINDOWS\system32\combase.dll
0x00007ffa9f060000 - 0x00007ffa9f0ca000 	C:\WINDOWS\system32\bcryptPrimitives.dll
0x00007ffa9fed0000 - 0x00007ffa9ff0b000 	C:\WINDOWS\system32\IMM32.DLL
0x000000006cc90000 - 0x000000006cd62000 	C:\Program Files\Android\android-studio\jre\jre\bin\msvcr100.dll
0x000000006cd70000 - 0x000000006d5a4000 	C:\Program Files\Android\android-studio\jre\jre\bin\server\jvm.dll
0x00007ffa9fac0000 - 0x00007ffa9fac8000 	C:\WINDOWS\system32\PSAPI.DLL
0x00007ffa8c240000 - 0x00007ffa8c249000 	C:\WINDOWS\SYSTEM32\WSOCK32.dll
0x00007ffaa24a0000 - 0x00007ffaa250b000 	C:\WINDOWS\system32\WS2_32.dll
0x00007ffa9d2d0000 - 0x00007ffa9d2f3000 	C:\WINDOWS\SYSTEM32\WINMM.dll
0x00007ffa91ad0000 - 0x00007ffa91ada000 	C:\WINDOWS\SYSTEM32\VERSION.dll
0x00007ffa9cfc0000 - 0x00007ffa9cfec000 	C:\WINDOWS\SYSTEM32\WINMMBASE.dll
0x00007ffa9ed90000 - 0x00007ffa9edd3000 	C:\WINDOWS\system32\cfgmgr32.dll
0x00007ffa88ad0000 - 0x00007ffa88adf000 	C:\Program Files\Android\android-studio\jre\jre\bin\verify.dll
0x00007ffa776f0000 - 0x00007ffa77719000 	C:\Program Files\Android\android-studio\jre\jre\bin\java.dll
0x00007ffa776d0000 - 0x00007ffa776e6000 	C:\Program Files\Android\android-studio\jre\jre\bin\zip.dll
0x00007ffaa0d60000 - 0x00007ffaa22bc000 	C:\WINDOWS\system32\SHELL32.dll
0x00007ffa9f410000 - 0x00007ffa9fa54000 	C:\WINDOWS\system32\windows.storage.dll
0x00007ffaa0960000 - 0x00007ffaa09b2000 	C:\WINDOWS\system32\shlwapi.dll
0x00007ffa9ed10000 - 0x00007ffa9ed1f000 	C:\WINDOWS\system32\kernel.appcore.dll
0x00007ffa9f0d0000 - 0x00007ffa9f185000 	C:\WINDOWS\system32\shcore.dll
0x00007ffa9ed20000 - 0x00007ffa9ed6b000 	C:\WINDOWS\system32\powrprof.dll
0x00007ffa9ecf0000 - 0x00007ffa9ed04000 	C:\WINDOWS\system32\profapi.dll

VM Arguments:
jvm_args: -Djava.awt.headless=true -Xmx4g -Dfile.encoding=UTF-8 -Duser.country=CA -Duser.language=en -Duser.variant 
java_command: com.android.dx.command.Main --dex --output C:\Users\kykrueger\Documents\SoftwareProjects\chatcatAndroid\Chatcat-Android\app\build\intermediates\pre-dexed\debug\Chatcat-Android-firebase_plugin-unspecified_d99abba76d6122caddfcf04c906240967999676f.jar C:\Users\kykrueger\Documents\SoftwareProjects\chatcatAndroid\Chatcat-Android\app\build\intermediates\exploded-aar\Chatcat-Android\firebase_plugin\unspecified\jars\classes.jar
java_class_path (initial): C:\Users\kykrueger\AppData\Local\Android\sdk\build-tools\21.1.2\lib\dx.jar
Launcher Type: SUN_STANDARD

Environment Variables:
PATH=C:\ProgramData\Oracle\Java\javapath;C:\Program Files\Java\jdk1.7.0_71\bin; C:\WinAVR-20100110\bin;C:\WinAVR-20100110\utils\bin;C:\Program Files (x86)\Intel\iCLS Client\;C:\Program Files\Intel\iCLS Client\;C:\WINDOWS\system32;C:\WINDOWS;C:\WINDOWS\System32\Wbem;C:\WINDOWS\System32\WindowsPowerShell\v1.0\;C:\Program Files (x86)\Intel\OpenCL SDK\3.0\bin\x86;C:\Program Files (x86)\Intel\OpenCL SDK\3.0\bin\x64;C:\Program Files\Intel\Intel(R) Management Engine Components\DAL;C:\Program Files\Intel\Intel(R) Management Engine Components\IPT;C:\Program Files (x86)\Intel\Intel(R) Management Engine Components\DAL;C:\Program Files (x86)\Intel\Intel(R) Management Engine Components\IPT;C:\Program Files (x86)\MiKTeX 2.9\miktex\bin\;C:\Program Files\Microsoft\Web Platform Installer\;C:\Program Files (x86)\Microsoft ASP.NET\ASP.NET Web Pages\v1.0\;C:\Program Files (x86)\Windows Kits\8.0\Windows Performance Toolkit\;C:\Program Files\Microsoft SQL Server\110\Tools\Binn\;C:\Program Files\MiKTeX 2.9\miktex\bin\x64\;C:\WINDOWS\system32;C:\WINDOWS;C:\WINDOWS\System32\Wbem;C:\WINDOWS\System32\WindowsPowerShell\v1.0\;C:\Program Files (x86)\Skype\Phone\;C:\Program Files\MATLAB\R2013a\runtime\win64;C:\Program Files\MATLAB\R2013a\bin
USERNAME=kykrueger
OS=Windows_NT
PROCESSOR_IDENTIFIER=Intel64 Family 6 Model 69 Stepping 1, GenuineIntel



---------------  S Y S T E M  ---------------

OS: Windows 10.0 , 64 bit Build 10586 (10.0.10586.0)

CPU:total 4 (2 cores per cpu, 2 threads per core) family 6 model 69 stepping 1, cmov, cx8, fxsr, mmx, sse, sse2, sse3, ssse3, sse4.1, sse4.2, popcnt, avx, avx2, aes, clmul, erms, lzcnt, ht, tsc, tscinvbit, bmi1, bmi2

Memory: 4k page, physical 8266008k(842072k free), swap 19825528k(4124k free)

vm_info: OpenJDK 64-Bit Server VM (25.76-b01) for windows-amd64 JRE (1.8.0_76-release-b01), built on May 12 2016 23:29:00 by "ralucas" with MS VC++ 10.0 (VS2010)

time: Thu Jun 30 19:08:07 2016
elapsed time: 5 seconds (0d 0h 0m 5s)

