#
# There is insufficient memory for the Java Runtime Environment to continue.
# Native memory allocation (malloc) failed to allocate 366336 bytes for Chunk::new
# Possible reasons:
#   The system is out of physical RAM or swap space
#   In 32 bit mode, the process size limit was hit
# Possible solutions:
#   Reduce memory load on the system
#   Increase physical memory or swap space
#   Check if swap backing store is full
#   Use 64 bit Java on a 64 bit OS
#   Decrease Java heap size (-Xmx/-Xms)
#   Decrease number of Java threads
#   Decrease Java thread stack sizes (-Xss)
#   Set larger code cache with -XX:ReservedCodeCacheSize=
# This output file may be truncated or incomplete.
#
#  Out of Memory Error (allocation.cpp:390), pid=14220, tid=0x00000000000036c0
#
# JRE version: OpenJDK Runtime Environment (8.0_76-b01) (build 1.8.0_76-release-b01)
# Java VM: OpenJDK 64-Bit Server VM (25.76-b01 mixed mode windows-amd64 compressed oops)
# Failed to write core dump. Minidumps are not enabled by default on client versions of Windows
#

---------------  T H R E A D  ---------------

Current thread (0x000000001c90b800):  JavaThread "C2 CompilerThread0" daemon [_thread_in_native, id=14016, stack(0x000000001df60000,0x000000001e060000)]

Stack: [0x000000001df60000,0x000000001e060000]
[error occurred during error reporting (printing stack bounds), id 0xc0000005]

Native frames: (J=compiled Java code, j=interpreted, Vv=VM code, C=native code)


Current CompileTask:
C2:   9818 1608 %     4       com.android.dx.ssa.SsaConverter::placePhiFunctions @ 53 (394 bytes)


---------------  P R O C E S S  ---------------

Java Threads: ( => current thread )
  0x000000001e17b800 JavaThread "Service Thread" daemon [_thread_blocked, id=13188, stack(0x000000001e660000,0x000000001e760000)]
  0x000000001e170800 JavaThread "C1 CompilerThread2" daemon [_thread_blocked, id=14992, stack(0x000000001e560000,0x000000001e660000)]
  0x000000001c90f000 JavaThread "C2 CompilerThread1" daemon [_thread_in_native, id=6728, stack(0x000000001e060000,0x000000001e160000)]
=>0x000000001c90b800 JavaThread "C2 CompilerThread0" daemon [_thread_in_native, id=14016, stack(0x000000001df60000,0x000000001e060000)]
  0x000000001c90a000 JavaThread "Attach Listener" daemon [_thread_blocked, id=6888, stack(0x000000001de60000,0x000000001df60000)]
  0x000000001c909000 JavaThread "Signal Dispatcher" daemon [_thread_blocked, id=14232, stack(0x000000001dd60000,0x000000001de60000)]
  0x000000001c8f8800 JavaThread "Finalizer" daemon [_thread_blocked, id=11808, stack(0x000000001db80000,0x000000001dc80000)]
  0x0000000003231000 JavaThread "Reference Handler" daemon [_thread_blocked, id=9044, stack(0x000000001da80000,0x000000001db80000)]
  0x000000000303d800 JavaThread "main" [_thread_in_Java, id=10952, stack(0x0000000003040000,0x0000000003140000)]

Other Threads:
  0x000000001c8d5800 VMThread [stack: 0x000000001d980000,0x000000001da80000] [id=14660]
  0x000000001e171000 WatcherThread [stack: 0x000000001e760000,0x000000001e860000] [id=14224]

VM state:not at safepoint (normal execution)

VM Mutex/Monitor currently owned by a thread: None

Heap:
 PSYoungGen      total 38400K, used 8434K [0x000000076ab00000, 0x000000076f600000, 0x00000007c0000000)
  eden space 33280K, 9% used [0x000000076ab00000,0x000000076ae3ceb0,0x000000076cb80000)
  from space 5120K, 99% used [0x000000076d080000,0x000000076d57fae8,0x000000076d580000)
  to   space 5120K, 0% used [0x000000076cb80000,0x000000076cb80000,0x000000076d080000)
 ParOldGen       total 87552K, used 5717K [0x00000006c0000000, 0x00000006c5580000, 0x000000076ab00000)
  object space 87552K, 6% used [0x00000006c0000000,0x00000006c05955a0,0x00000006c5580000)
 Metaspace       used 5798K, capacity 7024K, committed 7296K, reserved 1056768K
  class space    used 539K, capacity 616K, committed 640K, reserved 1048576K

Card table byte_map: [0x0000000012600000,0x0000000012e10000] byte_map_base: 0x000000000f000000

Marking Bits: (ParMarkBitMap*) 0x000000006d529d00
 Begin Bits: [0x0000000013770000, 0x0000000017770000)
 End Bits:   [0x0000000017770000, 0x000000001b770000)

Polling page: 0x0000000002ee0000

CodeCache: size=245760Kb used=7583Kb max_used=7587Kb free=238176Kb
 bounds [0x0000000003240000, 0x00000000039b0000, 0x0000000012240000]
 total_blobs=1877 nmethods=1613 adapters=178
 compilation: enabled

Compilation events (10 events):
Event: 9.668 Thread 0x000000001e170800 nmethod 1612 0x000000000399ab10 code [0x000000000399ac60, 0x000000000399ad70]
Event: 9.669 Thread 0x000000001e170800 1613       3       com.android.dx.rop.cst.CstFieldRef::<init> (7 bytes)
Event: 9.669 Thread 0x000000001e170800 nmethod 1613 0x000000000399a790 code [0x000000000399a900, 0x000000000399aa88]
Event: 9.670 Thread 0x000000001e170800 1614       3       com.android.dx.dex.file.StringIdsSection::intern (13 bytes)
Event: 9.671 Thread 0x000000001e170800 nmethod 1614 0x0000000003999e50 code [0x000000000399a000, 0x000000000399a518]
Event: 9.671 Thread 0x000000001e170800 1615       3       com.android.dx.dex.file.StringIdItem::<init> (29 bytes)
Event: 9.671 Thread 0x000000001e170800 nmethod 1615 0x0000000003999790 code [0x0000000003999920, 0x0000000003999cc8]
Event: 9.673 Thread 0x000000001c90f000 1616   !   4       com.android.dx.cf.cst.ConstantPoolParser::parse0 (731 bytes)
Event: 9.698 Thread 0x000000001e170800 1619       3       java.util.Arrays::copyOf (19 bytes)
Event: 9.698 Thread 0x000000001e170800 nmethod 1619 0x00000000039991d0 code [0x0000000003999340, 0x0000000003999668]

GC Heap History (4 events):
Event: 5.775 GC heap before
{Heap before GC invocations=1 (full 0):
 PSYoungGen      total 38400K, used 33280K [0x000000076ab00000, 0x000000076d580000, 0x00000007c0000000)
  eden space 33280K, 100% used [0x000000076ab00000,0x000000076cb80000,0x000000076cb80000)
  from space 5120K, 0% used [0x000000076d080000,0x000000076d080000,0x000000076d580000)
  to   space 5120K, 0% used [0x000000076cb80000,0x000000076cb80000,0x000000076d080000)
 ParOldGen       total 87552K, used 0K [0x00000006c0000000, 0x00000006c5580000, 0x000000076ab00000)
  object space 87552K, 0% used [0x00000006c0000000,0x00000006c0000000,0x00000006c5580000)
 Metaspace       used 5662K, capacity 6960K, committed 7040K, reserved 1056768K
  class space    used 537K, capacity 616K, committed 640K, reserved 1048576K
Event: 5.833 GC heap after
Heap after GC invocations=1 (full 0):
 PSYoungGen      total 38400K, used 5103K [0x000000076ab00000, 0x000000076d580000, 0x00000007c0000000)
  eden space 33280K, 0% used [0x000000076ab00000,0x000000076ab00000,0x000000076cb80000)
  from space 5120K, 99% used [0x000000076cb80000,0x000000076d07bd30,0x000000076d080000)
  to   space 5120K, 0% used [0x000000076d080000,0x000000076d080000,0x000000076d580000)
 ParOldGen       total 87552K, used 1371K [0x00000006c0000000, 0x00000006c5580000, 0x000000076ab00000)
  object space 87552K, 1% used [0x00000006c0000000,0x00000006c0156ca0,0x00000006c5580000)
 Metaspace       used 5662K, capacity 6960K, committed 7040K, reserved 1056768K
  class space    used 537K, capacity 616K, committed 640K, reserved 1048576K
}
Event: 9.503 GC heap before
{Heap before GC invocations=2 (full 0):
 PSYoungGen      total 38400K, used 38383K [0x000000076ab00000, 0x000000076d580000, 0x00000007c0000000)
  eden space 33280K, 100% used [0x000000076ab00000,0x000000076cb80000,0x000000076cb80000)
  from space 5120K, 99% used [0x000000076cb80000,0x000000076d07bd30,0x000000076d080000)
  to   space 5120K, 0% used [0x000000076d080000,0x000000076d080000,0x000000076d580000)
 ParOldGen       total 87552K, used 1371K [0x00000006c0000000, 0x00000006c5580000, 0x000000076ab00000)
  object space 87552K, 1% used [0x00000006c0000000,0x00000006c0156ca0,0x00000006c5580000)
 Metaspace       used 5797K, capacity 7024K, committed 7296K, reserved 1056768K
  class space    used 539K, capacity 616K, committed 640K, reserved 1048576K
Event: 9.630 GC heap after
Heap after GC invocations=2 (full 0):
 PSYoungGen      total 38400K, used 5118K [0x000000076ab00000, 0x000000076f600000, 0x00000007c0000000)
  eden space 33280K, 0% used [0x000000076ab00000,0x000000076ab00000,0x000000076cb80000)
  from space 5120K, 99% used [0x000000076d080000,0x000000076d57fae8,0x000000076d580000)
  to   space 5120K, 0% used [0x000000076cb80000,0x000000076cb80000,0x000000076d080000)
 ParOldGen       total 87552K, used 5717K [0x00000006c0000000, 0x00000006c5580000, 0x000000076ab00000)
  object space 87552K, 6% used [0x00000006c0000000,0x00000006c05955a0,0x00000006c5580000)
 Metaspace       used 5797K, capacity 7024K, committed 7296K, reserved 1056768K
  class space    used 539K, capacity 616K, committed 640K, reserved 1048576K
}

Deoptimization events (10 events):
Event: 6.617 Thread 0x000000000303d800 Uncommon trap: reason=unstable_if action=reinterpret pc=0x000000000361601c method=com.android.dx.rop.cst.Constant.compareTo(Lcom/android/dx/rop/cst/Constant;)I @ 12
Event: 7.303 Thread 0x000000000303d800 Uncommon trap: reason=null_check action=make_not_entrant pc=0x0000000003871668 method=com.android.dx.ssa.SsaRenamer.getLocalForNewReg(I)Lcom/android/dx/rop/code/LocalItem; @ 19
Event: 8.219 Thread 0x000000000303d800 Uncommon trap: reason=unstable_if action=reinterpret pc=0x00000000038b7b90 method=com.android.dx.cf.code.RopperMachine.run(Lcom/android/dx/cf/code/Frame;II)V @ 1250
Event: 8.359 Thread 0x000000000303d800 Uncommon trap: reason=unstable_if action=reinterpret pc=0x000000000388a5c8 method=com.android.dx.cf.code.BaseMachine.getLocalTarget(Z)Lcom/android/dx/rop/code/RegisterSpec; @ 131
Event: 8.360 Thread 0x000000000303d800 Uncommon trap: reason=unstable_if action=reinterpret pc=0x00000000038a10c4 method=com.android.dx.cf.code.BaseMachine.getLocalTarget(Z)Lcom/android/dx/rop/code/RegisterSpec; @ 131
Event: 8.369 Thread 0x000000000303d800 Uncommon trap: reason=unstable_if action=reinterpret pc=0x0000000003886f3c method=com.android.dx.cf.code.BaseMachine.getLocalTarget(Z)Lcom/android/dx/rop/code/RegisterSpec; @ 131
Event: 8.458 Thread 0x000000000303d800 Uncommon trap: reason=unstable_if action=reinterpret pc=0x0000000003910508 method=com.android.dx.ssa.SsaBasicBlock.newFromRop(Lcom/android/dx/rop/code/RopMethod;ILcom/android/dx/ssa/SsaMethod;)Lcom/android/dx/ssa/SsaBasicBlock; @ 164
Event: 8.461 Thread 0x000000000303d800 Uncommon trap: reason=unstable_if action=reinterpret pc=0x0000000003864c40 method=com.android.dx.ssa.SsaMethod.blockIndexToRopLabel(I)I @ 1
Event: 8.726 Thread 0x000000000303d800 Uncommon trap: reason=unstable_if action=reinterpret pc=0x000000000373b5e0 method=com.android.dx.ssa.SCCP.simulateStmt(Lcom/android/dx/ssa/SsaInsn;)V @ 59
Event: 9.088 Thread 0x000000000303d800 Uncommon trap: reason=unstable_if action=reinterpret pc=0x0000000003918298 method=com.android.dx.cf.code.RopperMachine.jopToRopOpcode(ILcom/android/dx/rop/cst/Constant;)I @ 1027

Internal exceptions (4 events):
Event: 0.069 Thread 0x000000000303d800 Exception <a 'java/lang/NoSuchMethodError': Method sun.misc.Unsafe.defineClass(Ljava/lang/String;[BII)Ljava/lang/Class; name or signature does not match> (0x000000076ab07cc0) thrown at [C:\src\android\AOSP-openjdk\external\jetbrains\jdk\hotspot\src\share\vÅg˜‚∏±?
Event: 0.069 Thread 0x000000000303d800 Exception <a 'java/lang/NoSuchMethodError': Method sun.misc.Unsafe.prefetchRead(Ljava/lang/Object;J)V name or signature does not match> (0x000000076ab07fa8) thrown at [C:\src\android\AOSP-openjdk\external\jetbrains\jdk\hotspot\src\share\vm\prims\jni.cpp, lÒ≥Ûù@
Event: 3.077 Thread 0x000000000303d800 Implicit null exception at 0x0000000003660ea2 to 0x0000000003660fa2
Event: 7.302 Thread 0x000000000303d800 Implicit null exception at 0x000000000386ec18 to 0x0000000003871625

Events (10 events):
Event: 9.077 Thread 0x000000000303d800 DEOPT UNPACKING pc=0x00000000032875bf sp=0x000000000313e390 mode 0
Event: 9.088 Thread 0x000000000303d800 Uncommon trap: trap_request=0xffffff65 fr.pc=0x0000000003918298
Event: 9.088 Thread 0x000000000303d800 DEOPT PACKING pc=0x0000000003918298 sp=0x000000000313dde0
Event: 9.088 Thread 0x000000000303d800 DEOPT UNPACKING pc=0x000000000328556a sp=0x000000000313dd78 mode 2
Event: 9.098 loading class com/android/dx/cf/attrib/AttExceptions
Event: 9.098 loading class com/android/dx/cf/attrib/AttExceptions done
Event: 9.503 Executing VM operation: ParallelGCFailedAllocation
Event: 9.630 Executing VM operation: ParallelGCFailedAllocation done
Event: 9.689 loading class com/android/dx/rop/code/RegisterSpec$1
Event: 9.689 loading class com/android/dx/rop/code/RegisterSpec$1 done


Dynamic libraries:
0x00007ff78d510000 - 0x00007ff78d545000 	C:\Program Files\Android\android-studio\jre\bin\java.exe
0x00007ffaa26c0000 - 0x00007ffaa2881000 	C:\WINDOWS\SYSTEM32\ntdll.dll
0x00007ffaa0090000 - 0x00007ffaa013d000 	C:\WINDOWS\system32\KERNEL32.DLL
0x00007ffa9f220000 - 0x00007ffa9f408000 	C:\WINDOWS\system32\KERNELBASE.dll
0x00007ffa9ff10000 - 0x00007ffa9ffb7000 	C:\WINDOWS\system32\ADVAPI32.dll
0x00007ffa9fad0000 - 0x00007ffa9fb6d000 	C:\WINDOWS\system32\msvcrt.dll
0x00007ffa9fcd0000 - 0x00007ffa9fd2b000 	C:\WINDOWS\system32\sechost.dll
0x00007ffaa09c0000 - 0x00007ffaa0adc000 	C:\WINDOWS\system32\RPCRT4.dll
0x00007ffa9fb70000 - 0x00007ffa9fcc6000 	C:\WINDOWS\system32\USER32.dll
0x00007ffa9fd30000 - 0x00007ffa9feb6000 	C:\WINDOWS\system32\GDI32.dll
0x00007ffa8cb50000 - 0x00007ffa8cdc4000 	C:\WINDOWS\WinSxS\amd64_microsoft.windows.common-controls_6595b64144ccf1df_6.0.10586.0_none_8c15ae12515e1c22\COMCTL32.dll
0x00007ffaa0ae0000 - 0x00007ffaa0d5d000 	C:\WINDOWS\system32\combase.dll
0x00007ffa9f060000 - 0x00007ffa9f0ca000 	C:\WINDOWS\system32\bcryptPrimitives.dll
0x00007ffa9fed0000 - 0x00007ffa9ff0b000 	C:\WINDOWS\system32\IMM32.DLL
0x000000006cc90000 - 0x000000006cd62000 	C:\Program Files\Android\android-studio\jre\jre\bin\msvcr100.dll
0x000000006cd70000 - 0x000000006d5a4000 	C:\Program Files\Android\android-studio\jre\jre\bin\server\jvm.dll
0x00007ffa9fac0000 - 0x00007ffa9fac8000 	C:\WINDOWS\system32\PSAPI.DLL
0x00007ffa8c240000 - 0x00007ffa8c249000 	C:\WINDOWS\SYSTEM32\WSOCK32.dll
0x00007ffaa24a0000 - 0x00007ffaa250b000 	C:\WINDOWS\system32\WS2_32.dll
0x00007ffa9d2d0000 - 0x00007ffa9d2f3000 	C:\WINDOWS\SYSTEM32\WINMM.dll
0x00007ffa91ad0000 - 0x00007ffa91ada000 	C:\WINDOWS\SYSTEM32\VERSION.dll
0x00007ffa9cfc0000 - 0x00007ffa9cfec000 	C:\WINDOWS\SYSTEM32\WINMMBASE.dll
0x00007ffa9ed90000 - 0x00007ffa9edd3000 	C:\WINDOWS\system32\cfgmgr32.dll
0x00007ffa88ad0000 - 0x00007ffa88adf000 	C:\Program Files\Android\android-studio\jre\jre\bin\verify.dll
0x00007ffa776f0000 - 0x00007ffa77719000 	C:\Program Files\Android\android-studio\jre\jre\bin\java.dll
0x00007ffa776d0000 - 0x00007ffa776e6000 	C:\Program Files\Android\android-studio\jre\jre\bin\zip.dll
0x00007ffaa0d60000 - 0x00007ffaa22bc000 	C:\WINDOWS\system32\SHELL32.dll
0x00007ffa9f410000 - 0x00007ffa9fa54000 	C:\WINDOWS\system32\windows.storage.dll
0x00007ffaa0960000 - 0x00007ffaa09b2000 	C:\WINDOWS\system32\shlwapi.dll
0x00007ffa9ed10000 - 0x00007ffa9ed1f000 	C:\WINDOWS\system32\kernel.appcore.dll
0x00007ffa9f0d0000 - 0x00007ffa9f185000 	C:\WINDOWS\system32\shcore.dll
0x00007ffa9ed20000 - 0x00007ffa9ed6b000 	C:\WINDOWS\system32\powrprof.dll
0x00007ffa9ecf0000 - 0x00007ffa9ed04000 	C:\WINDOWS\system32\profapi.dll

VM Arguments:
jvm_args: -Djava.awt.headless=true -Xmx4g -Dfile.encoding=UTF-8 -Duser.country=CA -Duser.language=en -Duser.variant 
java_command: com.android.dx.command.Main --dex --output C:\Users\kykrueger\Documents\SoftwareProjects\chatcatAndroid\Chatcat-Android\app\build\intermediates\pre-dexed\debug\commons-lang3-3.3.2_07581fa06c25b3228e1bedc12a6732c3e44aac3d.jar C:\Program Files\Android\android-studio\gradle\m2repository\org\apache\commons\commons-lang3\3.3.2\commons-lang3-3.3.2.jar
java_class_path (initial): C:\Users\kykrueger\AppData\Local\Android\sdk\build-tools\21.1.2\lib\dx.jar
Launcher Type: SUN_STANDARD

Environment Variables:
PATH=C:\ProgramData\Oracle\Java\javapath;C:\Program Files\Java\jdk1.7.0_71\bin; C:\WinAVR-20100110\bin;C:\WinAVR-20100110\utils\bin;C:\Program Files (x86)\Intel\iCLS Client\;C:\Program Files\Intel\iCLS Client\;C:\WINDOWS\system32;C:\WINDOWS;C:\WINDOWS\System32\Wbem;C:\WINDOWS\System32\WindowsPowerShell\v1.0\;C:\Program Files (x86)\Intel\OpenCL SDK\3.0\bin\x86;C:\Program Files (x86)\Intel\OpenCL SDK\3.0\bin\x64;C:\Program Files\Intel\Intel(R) Management Engine Components\DAL;C:\Program Files\Intel\Intel(R) Management Engine Components\IPT;C:\Program Files (x86)\Intel\Intel(R) Management Engine Components\DAL;C:\Program Files (x86)\Intel\Intel(R) Management Engine Components\IPT;C:\Program Files (x86)\MiKTeX 2.9\miktex\bin\;C:\Program Files\Microsoft\Web Platform Installer\;C:\Program Files (x86)\Microsoft ASP.NET\ASP.NET Web Pages\v1.0\;C:\Program Files (x86)\Windows Kits\8.0\Windows Performance Toolkit\;C:\Program Files\Microsoft SQL Server\110\Tools\Binn\;C:\Program Files\MiKTeX 2.9\miktex\bin\x64\;C:\WINDOWS\system32;C:\WINDOWS;C:\WINDOWS\System32\Wbem;C:\WINDOWS\System32\WindowsPowerShell\v1.0\;C:\Program Files (x86)\Skype\Phone\;C:\Program Files\MATLAB\R2013a\runtime\win64;C:\Program Files\MATLAB\R2013a\bin
USERNAME=kykrueger
OS=Windows_NT
PROCESSOR_IDENTIFIER=Intel64 Family 6 Model 69 Stepping 1, GenuineIntel



---------------  S Y S T E M  ---------------

OS: Windows 10.0 , 64 bit Build 10586 (10.0.10586.0)

CPU:total 4 (2 cores per cpu, 2 threads per core) family 6 model 69 stepping 1, cmov, cx8, fxsr, mmx, sse, sse2, sse3, ssse3, sse4.1, sse4.2, popcnt, avx, avx2, aes, clmul, erms, lzcnt, ht, tsc, tscinvbit, bmi1, bmi2

Memory: 4k page, physical 8266008k(853900k free), swap 19834768k(5536k free)

vm_info: OpenJDK 64-Bit Server VM (25.76-b01) for windows-amd64 JRE (1.8.0_76-release-b01), built on May 12 2016 23:29:00 by "ralucas" with MS VC++ 10.0 (VS2010)

time: Thu Jun 30 19:14:03 2016
elapsed time: 9 seconds (0d 0h 0m 9s)

