#
# There is insufficient memory for the Java Runtime Environment to continue.
# Native memory allocation (malloc) failed to allocate 65552 bytes for Chunk::new
# Possible reasons:
#   The system is out of physical RAM or swap space
#   In 32 bit mode, the process size limit was hit
# Possible solutions:
#   Reduce memory load on the system
#   Increase physical memory or swap space
#   Check if swap backing store is full
#   Use 64 bit Java on a 64 bit OS
#   Decrease Java heap size (-Xmx/-Xms)
#   Decrease number of Java threads
#   Decrease Java thread stack sizes (-Xss)
#   Set larger code cache with -XX:ReservedCodeCacheSize=
# This output file may be truncated or incomplete.
#
#  Out of Memory Error (allocation.cpp:390), pid=14440, tid=0x000000000000344c
#
# JRE version: OpenJDK Runtime Environment (8.0_76-b01) (build 1.8.0_76-release-b01)
# Java VM: OpenJDK 64-Bit Server VM (25.76-b01 mixed mode windows-amd64 compressed oops)
# Failed to write core dump. Minidumps are not enabled by default on client versions of Windows
#

---------------  T H R E A D  ---------------

Current thread (0x000000001c5ae800):  JavaThread "C2 CompilerThread1" daemon [_thread_in_native, id=13388, stack(0x000000001dd00000,0x000000001de00000)]

Stack: [0x000000001dd00000,0x000000001de00000]
[error occurred during error reporting (printing stack bounds), id 0xc0000005]

Native frames: (J=compiled Java code, j=interpreted, Vv=VM code, C=native code)


Current CompileTask:
C2:   5653 1290       4       com.android.dx.ssa.SsaRenamer$BlockRenamer::process (191 bytes)


---------------  P R O C E S S  ---------------

Java Threads: ( => current thread )
  0x000000001c60e000 JavaThread "Service Thread" daemon [_thread_blocked, id=3776, stack(0x000000001e300000,0x000000001e400000)]
  0x000000001c60b800 JavaThread "C1 CompilerThread2" daemon [_thread_blocked, id=14668, stack(0x000000001de00000,0x000000001df00000)]
=>0x000000001c5ae800 JavaThread "C2 CompilerThread1" daemon [_thread_in_native, id=13388, stack(0x000000001dd00000,0x000000001de00000)]
  0x000000001c5ab800 JavaThread "C2 CompilerThread0" daemon [_thread_in_native, id=12904, stack(0x000000001dc00000,0x000000001dd00000)]
  0x000000001c5aa000 JavaThread "Attach Listener" daemon [_thread_blocked, id=13416, stack(0x000000001db00000,0x000000001dc00000)]
  0x000000001c5a9000 JavaThread "Signal Dispatcher" daemon [_thread_blocked, id=8212, stack(0x000000001da00000,0x000000001db00000)]
  0x000000001c598800 JavaThread "Finalizer" daemon [_thread_blocked, id=5836, stack(0x000000001d820000,0x000000001d920000)]
  0x0000000002e81000 JavaThread "Reference Handler" daemon [_thread_blocked, id=13996, stack(0x000000001d720000,0x000000001d820000)]
  0x0000000002c3d800 JavaThread "main" [_thread_in_Java, id=14648, stack(0x0000000002c90000,0x0000000002d90000)]

Other Threads:
  0x000000001c575800 VMThread [stack: 0x000000001d620000,0x000000001d720000] [id=12760]
  0x000000001df0a000 WatcherThread [stack: 0x000000001e400000,0x000000001e500000] [id=1532]

VM state:not at safepoint (normal execution)

VM Mutex/Monitor currently owned by a thread: None

Heap:
 PSYoungGen      total 38400K, used 32251K [0x000000076ab00000, 0x000000076d580000, 0x00000007c0000000)
  eden space 33280K, 96% used [0x000000076ab00000,0x000000076ca7ee60,0x000000076cb80000)
  from space 5120K, 0% used [0x000000076d080000,0x000000076d080000,0x000000076d580000)
  to   space 5120K, 0% used [0x000000076cb80000,0x000000076cb80000,0x000000076d080000)
 ParOldGen       total 87552K, used 0K [0x00000006c0000000, 0x00000006c5580000, 0x000000076ab00000)
  object space 87552K, 0% used [0x00000006c0000000,0x00000006c0000000,0x00000006c5580000)
 Metaspace       used 5653K, capacity 6896K, committed 7040K, reserved 1056768K
  class space    used 535K, capacity 616K, committed 640K, reserved 1048576K

Card table byte_map: [0x0000000012250000,0x0000000012a60000] byte_map_base: 0x000000000ec50000

Marking Bits: (ParMarkBitMap*) 0x000000006d529d00
 Begin Bits: [0x00000000133c0000, 0x00000000173c0000)
 End Bits:   [0x00000000173c0000, 0x000000001b3c0000)

Polling page: 0x00000000013a0000

CodeCache: size=245760Kb used=5604Kb max_used=5604Kb free=240155Kb
 bounds [0x0000000002e90000, 0x0000000003420000, 0x0000000011e90000]
 total_blobs=1555 nmethods=1291 adapters=178
 compilation: enabled

Compilation events (10 events):
Event: 5.465 Thread 0x000000001c60b800 nmethod 1288 0x00000000033fb550 code [0x00000000033fb6a0, 0x00000000033fb7b0]
Event: 5.467 Thread 0x000000001c60b800 1289   !   3       com.android.dx.cf.code.Ropper::doit (126 bytes)
Event: 5.469 Thread 0x000000001c60b800 nmethod 1289 0x0000000003406f10 code [0x0000000003407200, 0x0000000003408678]
Event: 5.617 Thread 0x000000001c5ae800 1290       4       com.android.dx.ssa.SsaRenamer$BlockRenamer::process (191 bytes)
Event: 5.625 Thread 0x000000001c60b800 1294       3       com.android.dx.ssa.back.FirstFitLocalCombiningAllocator::handleCheckCastResults (413 bytes)
Event: 5.632 Thread 0x000000001c60b800 nmethod 1294 0x00000000034092d0 code [0x00000000034098a0, 0x000000000340d7d8]
Event: 5.636 Thread 0x000000001c60b800 1295       3       com.android.dx.util.LabeledList::rebuildLabelToIndex (46 bytes)
Event: 5.637 Thread 0x000000001c60b800 nmethod 1295 0x00000000033fd090 code [0x00000000033fd240, 0x00000000033fd8c8]
Event: 5.638 Thread 0x000000001c60b800 1296       1       com.android.dx.rop.code.Insn$BaseVisitor::visitThrowingCstInsn (1 bytes)
Event: 5.638 Thread 0x000000001c60b800 nmethod 1296 0x00000000033fb290 code [0x00000000033fb3e0, 0x00000000033fb4f0]

GC Heap History (0 events):
No events

Deoptimization events (10 events):
Event: 4.712 Thread 0x0000000002c3d800 Uncommon trap: reason=class_check action=maybe_recompile pc=0x00000000031b9fd4 method=com.android.dx.rop.type.Type.equals(Ljava/lang/Object;)Z @ 8
Event: 4.721 Thread 0x0000000002c3d800 Uncommon trap: reason=unstable_if action=reinterpret pc=0x0000000003313a54 method=com.android.dx.util.LabeledList.set(ILcom/android/dx/util/LabeledItem;)V @ 16
Event: 4.732 Thread 0x0000000002c3d800 Uncommon trap: reason=class_check action=maybe_recompile pc=0x00000000031e4570 method=com.android.dx.rop.type.Type.equals(Ljava/lang/Object;)Z @ 8
Event: 4.777 Thread 0x0000000002c3d800 Uncommon trap: reason=class_check action=maybe_recompile pc=0x0000000003214abc method=com.android.dx.rop.type.Type.equals(Ljava/lang/Object;)Z @ 8
Event: 5.424 Thread 0x0000000002c3d800 Uncommon trap: reason=unstable_if action=reinterpret pc=0x00000000032a46ec method=java.lang.String.<init>([CII)V @ 18
Event: 5.619 Thread 0x0000000002c3d800 Uncommon trap: reason=class_check action=maybe_recompile pc=0x00000000031c0d90 method=com.android.dx.ssa.NormalSsaInsn.accept(Lcom/android/dx/ssa/SsaInsn$Visitor;)V @ 9
Event: 5.619 Thread 0x0000000002c3d800 Uncommon trap: reason=class_check action=maybe_recompile pc=0x00000000031c0d90 method=com.android.dx.ssa.NormalSsaInsn.accept(Lcom/android/dx/ssa/SsaInsn$Visitor;)V @ 9
Event: 5.620 Thread 0x0000000002c3d800 Uncommon trap: reason=class_check action=maybe_recompile pc=0x00000000031c0d90 method=com.android.dx.ssa.NormalSsaInsn.accept(Lcom/android/dx/ssa/SsaInsn$Visitor;)V @ 9
Event: 5.620 Thread 0x0000000002c3d800 Uncommon trap: reason=class_check action=maybe_recompile pc=0x00000000031c0d90 method=com.android.dx.ssa.NormalSsaInsn.accept(Lcom/android/dx/ssa/SsaInsn$Visitor;)V @ 9
Event: 5.621 Thread 0x0000000002c3d800 Uncommon trap: reason=class_check action=maybe_recompile pc=0x00000000031910e8 method=com.android.dx.ssa.NormalSsaInsn.accept(Lcom/android/dx/ssa/SsaInsn$Visitor;)V @ 9

Internal exceptions (2 events):
Event: 0.065 Thread 0x0000000002c3d800 Exception <a 'java/lang/NoSuchMethodError': Method sun.misc.Unsafe.defineClass(Ljava/lang/String;[BII)Ljava/lang/Class; name or signature does not match> (0x000000076ab07cc0) thrown at [C:\src\android\AOSP-openjdk\external\jetbrains\jdk\hotspot\src\share\v@ŒÐ7ª°?
Event: 0.065 Thread 0x0000000002c3d800 Exception <a 'java/lang/NoSuchMethodError': Method sun.misc.Unsafe.prefetchRead(Ljava/lang/Object;J)V name or signature does not match> (0x000000076ab07fa8) thrown at [C:\src\android\AOSP-openjdk\external\jetbrains\jdk\hotspot\src\share\vm\prims\jni.cpp, l

Events (10 events):
Event: 5.620 Thread 0x0000000002c3d800 DEOPT UNPACKING pc=0x0000000002ed556a sp=0x0000000002d8e800 mode 2
Event: 5.620 Thread 0x0000000002c3d800 Uncommon trap: trap_request=0xffffffde fr.pc=0x00000000031c0d90
Event: 5.620 Thread 0x0000000002c3d800 DEOPT PACKING pc=0x00000000031c0d90 sp=0x0000000002d8ea30
Event: 5.620 Thread 0x0000000002c3d800 DEOPT UNPACKING pc=0x0000000002ed556a sp=0x0000000002d8ea00 mode 2
Event: 5.621 Thread 0x0000000002c3d800 Uncommon trap: trap_request=0xffffffde fr.pc=0x00000000031910e8
Event: 5.621 Thread 0x0000000002c3d800 DEOPT PACKING pc=0x00000000031910e8 sp=0x0000000002d8ea10
Event: 5.621 Thread 0x0000000002c3d800 DEOPT UNPACKING pc=0x0000000002ed556a sp=0x0000000002d8ea60 mode 2
Event: 5.648 Thread 0x0000000002c3d800 DEOPT PACKING pc=0x000000000337d152 sp=0x0000000002d8e860
Event: 5.648 Thread 0x0000000002c3d800 DEOPT UNPACKING pc=0x0000000002ed75bf sp=0x0000000002d8e5c8 mode 0
Event: 5.649 Thread 0x0000000002c3d800 DEOPT PACKING pc=0x000000000337d152 sp=0x0000000002d8e860


Dynamic libraries:
0x00007ff78d510000 - 0x00007ff78d545000 	C:\Program Files\Android\android-studio\jre\bin\java.exe
0x00007ffaa26c0000 - 0x00007ffaa2881000 	C:\WINDOWS\SYSTEM32\ntdll.dll
0x00007ffaa0090000 - 0x00007ffaa013d000 	C:\WINDOWS\system32\KERNEL32.DLL
0x00007ffa9f220000 - 0x00007ffa9f408000 	C:\WINDOWS\system32\KERNELBASE.dll
0x00007ffa9ff10000 - 0x00007ffa9ffb7000 	C:\WINDOWS\system32\ADVAPI32.dll
0x00007ffa9fad0000 - 0x00007ffa9fb6d000 	C:\WINDOWS\system32\msvcrt.dll
0x00007ffa9fcd0000 - 0x00007ffa9fd2b000 	C:\WINDOWS\system32\sechost.dll
0x00007ffaa09c0000 - 0x00007ffaa0adc000 	C:\WINDOWS\system32\RPCRT4.dll
0x00007ffa9fb70000 - 0x00007ffa9fcc6000 	C:\WINDOWS\system32\USER32.dll
0x00007ffa9fd30000 - 0x00007ffa9feb6000 	C:\WINDOWS\system32\GDI32.dll
0x00007ffa8cb50000 - 0x00007ffa8cdc4000 	C:\WINDOWS\WinSxS\amd64_microsoft.windows.common-controls_6595b64144ccf1df_6.0.10586.0_none_8c15ae12515e1c22\COMCTL32.dll
0x00007ffaa0ae0000 - 0x00007ffaa0d5d000 	C:\WINDOWS\system32\combase.dll
0x00007ffa9f060000 - 0x00007ffa9f0ca000 	C:\WINDOWS\system32\bcryptPrimitives.dll
0x00007ffa9fed0000 - 0x00007ffa9ff0b000 	C:\WINDOWS\system32\IMM32.DLL
0x000000006cc90000 - 0x000000006cd62000 	C:\Program Files\Android\android-studio\jre\jre\bin\msvcr100.dll
0x000000006cd70000 - 0x000000006d5a4000 	C:\Program Files\Android\android-studio\jre\jre\bin\server\jvm.dll
0x00007ffa9fac0000 - 0x00007ffa9fac8000 	C:\WINDOWS\system32\PSAPI.DLL
0x00007ffa9d2d0000 - 0x00007ffa9d2f3000 	C:\WINDOWS\SYSTEM32\WINMM.dll
0x00007ffa8c240000 - 0x00007ffa8c249000 	C:\WINDOWS\SYSTEM32\WSOCK32.dll
0x00007ffaa24a0000 - 0x00007ffaa250b000 	C:\WINDOWS\system32\WS2_32.dll
0x00007ffa91ad0000 - 0x00007ffa91ada000 	C:\WINDOWS\SYSTEM32\VERSION.dll
0x00007ffa9cfc0000 - 0x00007ffa9cfec000 	C:\WINDOWS\SYSTEM32\winmmbase.dll
0x00007ffa9ed90000 - 0x00007ffa9edd3000 	C:\WINDOWS\system32\cfgmgr32.dll
0x00007ffa88ad0000 - 0x00007ffa88adf000 	C:\Program Files\Android\android-studio\jre\jre\bin\verify.dll
0x00007ffa776f0000 - 0x00007ffa77719000 	C:\Program Files\Android\android-studio\jre\jre\bin\java.dll
0x00007ffa776d0000 - 0x00007ffa776e6000 	C:\Program Files\Android\android-studio\jre\jre\bin\zip.dll
0x00007ffaa0d60000 - 0x00007ffaa22bc000 	C:\WINDOWS\system32\SHELL32.dll
0x00007ffa9f410000 - 0x00007ffa9fa54000 	C:\WINDOWS\system32\windows.storage.dll
0x00007ffaa0960000 - 0x00007ffaa09b2000 	C:\WINDOWS\system32\shlwapi.dll
0x00007ffa9ed10000 - 0x00007ffa9ed1f000 	C:\WINDOWS\system32\kernel.appcore.dll
0x00007ffa9f0d0000 - 0x00007ffa9f185000 	C:\WINDOWS\system32\shcore.dll
0x00007ffa9ed20000 - 0x00007ffa9ed6b000 	C:\WINDOWS\system32\powrprof.dll
0x00007ffa9ecf0000 - 0x00007ffa9ed04000 	C:\WINDOWS\system32\profapi.dll

VM Arguments:
jvm_args: -Djava.awt.headless=true -Xmx4g -Dfile.encoding=UTF-8 -Duser.country=CA -Duser.language=en -Duser.variant 
java_command: com.android.dx.command.Main --dex --output C:\Users\kykrueger\Documents\SoftwareProjects\chatcatAndroid\Chatcat-Android\app\build\intermediates\pre-dexed\debug\Parse-1.5.0_0c58842d78bb444159bbc08f7feceba347d7da1a.jar C:\Users\kykrueger\Documents\SoftwareProjects\chatcatAndroid\Chatcat-Android\app\build\intermediates\exploded-aar\Chatcat-Android\firebase_plugin\unspecified\jars\libs\Parse-1.5.0.jar
java_class_path (initial): C:\Users\kykrueger\AppData\Local\Android\sdk\build-tools\21.1.2\lib\dx.jar
Launcher Type: SUN_STANDARD

Environment Variables:
PATH=C:\ProgramData\Oracle\Java\javapath;C:\Program Files\Java\jdk1.7.0_71\bin; C:\WinAVR-20100110\bin;C:\WinAVR-20100110\utils\bin;C:\Program Files (x86)\Intel\iCLS Client\;C:\Program Files\Intel\iCLS Client\;C:\WINDOWS\system32;C:\WINDOWS;C:\WINDOWS\System32\Wbem;C:\WINDOWS\System32\WindowsPowerShell\v1.0\;C:\Program Files (x86)\Intel\OpenCL SDK\3.0\bin\x86;C:\Program Files (x86)\Intel\OpenCL SDK\3.0\bin\x64;C:\Program Files\Intel\Intel(R) Management Engine Components\DAL;C:\Program Files\Intel\Intel(R) Management Engine Components\IPT;C:\Program Files (x86)\Intel\Intel(R) Management Engine Components\DAL;C:\Program Files (x86)\Intel\Intel(R) Management Engine Components\IPT;C:\Program Files (x86)\MiKTeX 2.9\miktex\bin\;C:\Program Files\Microsoft\Web Platform Installer\;C:\Program Files (x86)\Microsoft ASP.NET\ASP.NET Web Pages\v1.0\;C:\Program Files (x86)\Windows Kits\8.0\Windows Performance Toolkit\;C:\Program Files\Microsoft SQL Server\110\Tools\Binn\;C:\Program Files\MiKTeX 2.9\miktex\bin\x64\;C:\WINDOWS\system32;C:\WINDOWS;C:\WINDOWS\System32\Wbem;C:\WINDOWS\System32\WindowsPowerShell\v1.0\;C:\Program Files (x86)\Skype\Phone\;C:\Program Files\MATLAB\R2013a\runtime\win64;C:\Program Files\MATLAB\R2013a\bin
USERNAME=kykrueger
OS=Windows_NT
PROCESSOR_IDENTIFIER=Intel64 Family 6 Model 69 Stepping 1, GenuineIntel



---------------  S Y S T E M  ---------------

OS: Windows 10.0 , 64 bit Build 10586 (10.0.10586.0)

CPU:total 4 (2 cores per cpu, 2 threads per core) family 6 model 69 stepping 1, cmov, cx8, fxsr, mmx, sse, sse2, sse3, ssse3, sse4.1, sse4.2, popcnt, avx, avx2, aes, clmul, erms, lzcnt, ht, tsc, tscinvbit, bmi1, bmi2

Memory: 4k page, physical 8266008k(842036k free), swap 19825528k(4124k free)

vm_info: OpenJDK 64-Bit Server VM (25.76-b01) for windows-amd64 JRE (1.8.0_76-release-b01), built on May 12 2016 23:29:00 by "ralucas" with MS VC++ 10.0 (VS2010)

time: Thu Jun 30 19:08:07 2016
elapsed time: 5 seconds (0d 0h 0m 5s)

