#
# There is insufficient memory for the Java Runtime Environment to continue.
# Native memory allocation (malloc) failed to allocate 32744 bytes for ChunkPool::allocate
# Possible reasons:
#   The system is out of physical RAM or swap space
#   In 32 bit mode, the process size limit was hit
# Possible solutions:
#   Reduce memory load on the system
#   Increase physical memory or swap space
#   Check if swap backing store is full
#   Use 64 bit Java on a 64 bit OS
#   Decrease Java heap size (-Xmx/-Xms)
#   Decrease number of Java threads
#   Decrease Java thread stack sizes (-Xss)
#   Set larger code cache with -XX:ReservedCodeCacheSize=
# This output file may be truncated or incomplete.
#
#  Out of Memory Error (allocation.cpp:273), pid=12592, tid=0x0000000000003b84
#
# JRE version: OpenJDK Runtime Environment (8.0_76-b01) (build 1.8.0_76-release-b01)
# Java VM: OpenJDK 64-Bit Server VM (25.76-b01 mixed mode windows-amd64 compressed oops)
# Failed to write core dump. Minidumps are not enabled by default on client versions of Windows
#

---------------  T H R E A D  ---------------

Current thread (0x000000001c8d8800):  JavaThread "C1 CompilerThread2" daemon [_thread_in_native, id=15236, stack(0x000000001e0d0000,0x000000001e1d0000)]

Stack: [0x000000001e0d0000,0x000000001e1d0000]
[error occurred during error reporting (printing stack bounds), id 0xc0000005]

Native frames: (J=compiled Java code, j=interpreted, Vv=VM code, C=native code)


Current CompileTask:
C1:   2621 1223       3       java.util.zip.ZipEntry::setExtra0 (360 bytes)


---------------  P R O C E S S  ---------------

Java Threads: ( => current thread )
  0x000000001e1d1800 JavaThread "Service Thread" daemon [_thread_blocked, id=9476, stack(0x000000001e5d0000,0x000000001e6d0000)]
=>0x000000001c8d8800 JavaThread "C1 CompilerThread2" daemon [_thread_in_native, id=15236, stack(0x000000001e0d0000,0x000000001e1d0000)]
  0x000000001c88a800 JavaThread "C2 CompilerThread1" daemon [_thread_blocked, id=14896, stack(0x000000001dfd0000,0x000000001e0d0000)]
  0x000000001c887800 JavaThread "C2 CompilerThread0" daemon [_thread_in_native, id=14016, stack(0x000000001ded0000,0x000000001dfd0000)]
  0x000000001c886000 JavaThread "Attach Listener" daemon [_thread_blocked, id=11212, stack(0x000000001ddd0000,0x000000001ded0000)]
  0x000000001c885000 JavaThread "Signal Dispatcher" daemon [_thread_blocked, id=9448, stack(0x000000001dcd0000,0x000000001ddd0000)]
  0x000000000315c000 JavaThread "Finalizer" daemon [_thread_blocked, id=4476, stack(0x000000001daf0000,0x000000001dbf0000)]
  0x0000000003151000 JavaThread "Reference Handler" daemon [_thread_blocked, id=14620, stack(0x000000001d9f0000,0x000000001daf0000)]
  0x0000000002f5d800 JavaThread "main" [_thread_in_native, id=10660, stack(0x0000000002f60000,0x0000000003060000)]

Other Threads:
  0x000000001c845800 VMThread [stack: 0x000000001d8f0000,0x000000001d9f0000] [id=12812]
  0x000000001e1d3800 WatcherThread [stack: 0x000000001e6d0000,0x000000001e7d0000] [id=2828]

VM state:not at safepoint (normal execution)

VM Mutex/Monitor currently owned by a thread: None

Heap:
 PSYoungGen      total 38400K, used 20300K [0x000000076ab00000, 0x000000076d580000, 0x00000007c0000000)
  eden space 33280K, 60% used [0x000000076ab00000,0x000000076bed3208,0x000000076cb80000)
  from space 5120K, 0% used [0x000000076d080000,0x000000076d080000,0x000000076d580000)
  to   space 5120K, 0% used [0x000000076cb80000,0x000000076cb80000,0x000000076d080000)
 ParOldGen       total 87552K, used 0K [0x00000006c0000000, 0x00000006c5580000, 0x000000076ab00000)
  object space 87552K, 0% used [0x00000006c0000000,0x00000006c0000000,0x00000006c5580000)
 Metaspace       used 5772K, capacity 7024K, committed 7296K, reserved 1056768K
  class space    used 558K, capacity 616K, committed 640K, reserved 1048576K

Card table byte_map: [0x0000000012520000,0x0000000012d30000] byte_map_base: 0x000000000ef20000

Marking Bits: (ParMarkBitMap*) 0x000000006d529d00
 Begin Bits: [0x0000000013690000, 0x0000000017690000)
 End Bits:   [0x0000000017690000, 0x000000001b690000)

Polling page: 0x0000000002ee0000

CodeCache: size=245760Kb used=4692Kb max_used=4704Kb free=241067Kb
 bounds [0x0000000003160000, 0x0000000003600000, 0x0000000012160000]
 total_blobs=1484 nmethods=1219 adapters=179
 compilation: enabled

Compilation events (10 events):
Event: 2.599 Thread 0x000000001c8d8800 1216       3       com.android.dx.util.ByteArrayAnnotatedOutput::assertCursor (48 bytes)
Event: 2.600 Thread 0x000000001c8d8800 nmethod 1216 0x00000000035f2b90 code [0x00000000035f2da0, 0x00000000035f3838]
Event: 2.600 Thread 0x000000001c8d8800 1217       3       com.android.dx.dex.file.StringDataItem::writeTo0 (103 bytes)
Event: 2.603 Thread 0x000000001c8d8800 nmethod 1217 0x00000000035f3cd0 code [0x00000000035f4000, 0x00000000035f59c8]
Event: 2.604 Thread 0x000000001c8d8800 1218       3       com.android.dx.util.ByteArray::getBytes (39 bytes)
Event: 2.604 Thread 0x000000001c8d8800 nmethod 1218 0x00000000035f6710 code [0x00000000035f68a0, 0x00000000035f6bf8]
Event: 2.604 Thread 0x000000001c8d8800 1219       3       com.android.dx.util.ByteArrayAnnotatedOutput::write (61 bytes)
Event: 2.605 Thread 0x000000001c8d8800 nmethod 1219 0x00000000035f6d50 code [0x00000000035f6f00, 0x00000000035f73e8]
Event: 2.612 Thread 0x000000001c88a800 nmethod 1213 0x00000000035fae90 code [0x00000000035fb020, 0x00000000035fb938]
Event: 2.614 Thread 0x000000001c8d8800 1223       3       java.util.zip.ZipEntry::setExtra0 (360 bytes)

GC Heap History (0 events):
No events

Deoptimization events (10 events):
Event: 1.674 Thread 0x0000000002f5d800 Uncommon trap: reason=bimorphic action=maybe_recompile pc=0x00000000033be318 method=java.util.HashMap.getNode(ILjava/lang/Object;)Ljava/util/HashMap$Node; @ 126
Event: 1.675 Thread 0x0000000002f5d800 Uncommon trap: reason=bimorphic action=maybe_recompile pc=0x00000000033be318 method=java.util.HashMap.getNode(ILjava/lang/Object;)Ljava/util/HashMap$Node; @ 126
Event: 1.962 Thread 0x0000000002f5d800 Uncommon trap: reason=null_check action=make_not_entrant pc=0x00000000034c3930 method=com.android.dx.rop.type.Type.equals(Ljava/lang/Object;)Z @ 8
Event: 2.096 Thread 0x0000000002f5d800 Uncommon trap: reason=unstable_if action=reinterpret pc=0x000000000351d314 method=java.util.HashMap.putVal(ILjava/lang/Object;Ljava/lang/Object;ZZ)Ljava/lang/Object; @ 94
Event: 2.197 Thread 0x0000000002f5d800 Uncommon trap: reason=bimorphic action=maybe_recompile pc=0x00000000033be318 method=java.util.HashMap.getNode(ILjava/lang/Object;)Ljava/util/HashMap$Node; @ 126
Event: 2.204 Thread 0x0000000002f5d800 Uncommon trap: reason=bimorphic action=maybe_recompile pc=0x00000000033be318 method=java.util.HashMap.getNode(ILjava/lang/Object;)Ljava/util/HashMap$Node; @ 126
Event: 2.329 Thread 0x0000000002f5d800 Uncommon trap: reason=speculate_class_check action=maybe_recompile pc=0x00000000034ea6f4 method=com.android.dx.util.FixedSizeList.equals(Ljava/lang/Object;)Z @ 25
Event: 2.329 Thread 0x0000000002f5d800 Uncommon trap: reason=speculate_class_check action=maybe_recompile pc=0x00000000034ea6f4 method=com.android.dx.util.FixedSizeList.equals(Ljava/lang/Object;)Z @ 25
Event: 2.329 Thread 0x0000000002f5d800 Uncommon trap: reason=speculate_class_check action=maybe_recompile pc=0x00000000034ea6f4 method=com.android.dx.util.FixedSizeList.equals(Ljava/lang/Object;)Z @ 25
Event: 2.333 Thread 0x0000000002f5d800 Uncommon trap: reason=speculate_class_check action=maybe_recompile pc=0x00000000034ea6f4 method=com.android.dx.util.FixedSizeList.equals(Ljava/lang/Object;)Z @ 25

Internal exceptions (3 events):
Event: 0.085 Thread 0x0000000002f5d800 Exception <a 'java/lang/NoSuchMethodError': Method sun.misc.Unsafe.defineClass(Ljava/lang/String;[BII)Ljava/lang/Class; name or signature does not match> (0x000000076ab07cc0) thrown at [C:\src\android\AOSP-openjdk\external\jetbrains\jdk\hotspot\src\share\vùú6›‰µ?
Event: 0.086 Thread 0x0000000002f5d800 Exception <a 'java/lang/NoSuchMethodError': Method sun.misc.Unsafe.prefetchRead(Ljava/lang/Object;J)V name or signature does not match> (0x000000076ab07fa8) thrown at [C:\src\android\AOSP-openjdk\external\jetbrains\jdk\hotspot\src\share\vm\prims\jni.cpp, lê%£¨dˇ?
Event: 1.962 Thread 0x0000000002f5d800 Implicit null exception at 0x00000000034c3822 to 0x00000000034c3922

Events (10 events):
Event: 2.606 loading class com/android/dx/dex/file/AnnotationItem$1
Event: 2.606 loading class com/android/dx/dex/file/AnnotationItem$1 done
Event: 2.615 loading class java/security/MessageDigest
Event: 2.615 loading class java/security/MessageDigestSpi
Event: 2.615 loading class java/security/MessageDigestSpi done
Event: 2.615 loading class java/security/MessageDigest done
Event: 2.615 loading class java/security/Security
Event: 2.615 loading class java/security/Security done
Event: 2.616 loading class java/security/Security$1
Event: 2.616 loading class java/security/Security$1 done


Dynamic libraries:
0x00007ff78d510000 - 0x00007ff78d545000 	C:\Program Files\Android\android-studio\jre\bin\java.exe
0x00007ffaa26c0000 - 0x00007ffaa2881000 	C:\WINDOWS\SYSTEM32\ntdll.dll
0x00007ffaa0090000 - 0x00007ffaa013d000 	C:\WINDOWS\system32\KERNEL32.DLL
0x00007ffa9f220000 - 0x00007ffa9f408000 	C:\WINDOWS\system32\KERNELBASE.dll
0x00007ffa9ff10000 - 0x00007ffa9ffb7000 	C:\WINDOWS\system32\ADVAPI32.dll
0x00007ffa9fad0000 - 0x00007ffa9fb6d000 	C:\WINDOWS\system32\msvcrt.dll
0x00007ffa9fcd0000 - 0x00007ffa9fd2b000 	C:\WINDOWS\system32\sechost.dll
0x00007ffaa09c0000 - 0x00007ffaa0adc000 	C:\WINDOWS\system32\RPCRT4.dll
0x00007ffa9fb70000 - 0x00007ffa9fcc6000 	C:\WINDOWS\system32\USER32.dll
0x00007ffa9fd30000 - 0x00007ffa9feb6000 	C:\WINDOWS\system32\GDI32.dll
0x00007ffa8cb50000 - 0x00007ffa8cdc4000 	C:\WINDOWS\WinSxS\amd64_microsoft.windows.common-controls_6595b64144ccf1df_6.0.10586.0_none_8c15ae12515e1c22\COMCTL32.dll
0x00007ffaa0ae0000 - 0x00007ffaa0d5d000 	C:\WINDOWS\system32\combase.dll
0x00007ffa9f060000 - 0x00007ffa9f0ca000 	C:\WINDOWS\system32\bcryptPrimitives.dll
0x00007ffa9fed0000 - 0x00007ffa9ff0b000 	C:\WINDOWS\system32\IMM32.DLL
0x000000006cc90000 - 0x000000006cd62000 	C:\Program Files\Android\android-studio\jre\jre\bin\msvcr100.dll
0x000000006cd70000 - 0x000000006d5a4000 	C:\Program Files\Android\android-studio\jre\jre\bin\server\jvm.dll
0x00007ffa9fac0000 - 0x00007ffa9fac8000 	C:\WINDOWS\system32\PSAPI.DLL
0x00007ffa8c240000 - 0x00007ffa8c249000 	C:\WINDOWS\SYSTEM32\WSOCK32.dll
0x00007ffaa24a0000 - 0x00007ffaa250b000 	C:\WINDOWS\system32\WS2_32.dll
0x00007ffa9d2d0000 - 0x00007ffa9d2f3000 	C:\WINDOWS\SYSTEM32\WINMM.dll
0x00007ffa91ad0000 - 0x00007ffa91ada000 	C:\WINDOWS\SYSTEM32\VERSION.dll
0x00007ffa9cfc0000 - 0x00007ffa9cfec000 	C:\WINDOWS\SYSTEM32\WINMMBASE.dll
0x00007ffa9ed90000 - 0x00007ffa9edd3000 	C:\WINDOWS\system32\cfgmgr32.dll
0x00007ffa88ad0000 - 0x00007ffa88adf000 	C:\Program Files\Android\android-studio\jre\jre\bin\verify.dll
0x00007ffa776f0000 - 0x00007ffa77719000 	C:\Program Files\Android\android-studio\jre\jre\bin\java.dll
0x00007ffa776d0000 - 0x00007ffa776e6000 	C:\Program Files\Android\android-studio\jre\jre\bin\zip.dll
0x00007ffaa0d60000 - 0x00007ffaa22bc000 	C:\WINDOWS\system32\SHELL32.dll
0x00007ffa9f410000 - 0x00007ffa9fa54000 	C:\WINDOWS\system32\windows.storage.dll
0x00007ffaa0960000 - 0x00007ffaa09b2000 	C:\WINDOWS\system32\shlwapi.dll
0x00007ffa9ed10000 - 0x00007ffa9ed1f000 	C:\WINDOWS\system32\kernel.appcore.dll
0x00007ffa9f0d0000 - 0x00007ffa9f185000 	C:\WINDOWS\system32\shcore.dll
0x00007ffa9ed20000 - 0x00007ffa9ed6b000 	C:\WINDOWS\system32\powrprof.dll
0x00007ffa9ecf0000 - 0x00007ffa9ed04000 	C:\WINDOWS\system32\profapi.dll

VM Arguments:
jvm_args: -Djava.awt.headless=true -Xmx4g -Dfile.encoding=UTF-8 -Duser.country=CA -Duser.language=en -Duser.variant 
java_command: com.android.dx.command.Main --dex --output C:\Users\kykrueger\Documents\SoftwareProjects\chatcatAndroid\Chatcat-Android\app\build\intermediates\pre-dexed\debug\com.android.support-multidex-1.0.0_f24709922eb32389a78892b6d3be41deccdc72b5.jar C:\Users\kykrueger\Documents\SoftwareProjects\chatcatAndroid\Chatcat-Android\app\build\intermediates\exploded-aar\com.android.support\multidex\1.0.0\jars\classes.jar
java_class_path (initial): C:\Users\kykrueger\AppData\Local\Android\sdk\build-tools\21.1.2\lib\dx.jar
Launcher Type: SUN_STANDARD

Environment Variables:
PATH=C:\ProgramData\Oracle\Java\javapath;C:\Program Files\Java\jdk1.7.0_71\bin; C:\WinAVR-20100110\bin;C:\WinAVR-20100110\utils\bin;C:\Program Files (x86)\Intel\iCLS Client\;C:\Program Files\Intel\iCLS Client\;C:\WINDOWS\system32;C:\WINDOWS;C:\WINDOWS\System32\Wbem;C:\WINDOWS\System32\WindowsPowerShell\v1.0\;C:\Program Files (x86)\Intel\OpenCL SDK\3.0\bin\x86;C:\Program Files (x86)\Intel\OpenCL SDK\3.0\bin\x64;C:\Program Files\Intel\Intel(R) Management Engine Components\DAL;C:\Program Files\Intel\Intel(R) Management Engine Components\IPT;C:\Program Files (x86)\Intel\Intel(R) Management Engine Components\DAL;C:\Program Files (x86)\Intel\Intel(R) Management Engine Components\IPT;C:\Program Files (x86)\MiKTeX 2.9\miktex\bin\;C:\Program Files\Microsoft\Web Platform Installer\;C:\Program Files (x86)\Microsoft ASP.NET\ASP.NET Web Pages\v1.0\;C:\Program Files (x86)\Windows Kits\8.0\Windows Performance Toolkit\;C:\Program Files\Microsoft SQL Server\110\Tools\Binn\;C:\Program Files\MiKTeX 2.9\miktex\bin\x64\;C:\WINDOWS\system32;C:\WINDOWS;C:\WINDOWS\System32\Wbem;C:\WINDOWS\System32\WindowsPowerShell\v1.0\;C:\Program Files (x86)\Skype\Phone\;C:\Program Files\MATLAB\R2013a\runtime\win64;C:\Program Files\MATLAB\R2013a\bin
USERNAME=kykrueger
OS=Windows_NT
PROCESSOR_IDENTIFIER=Intel64 Family 6 Model 69 Stepping 1, GenuineIntel



---------------  S Y S T E M  ---------------

OS: Windows 10.0 , 64 bit Build 10586 (10.0.10586.0)

CPU:total 4 (2 cores per cpu, 2 threads per core) family 6 model 69 stepping 1, cmov, cx8, fxsr, mmx, sse, sse2, sse3, ssse3, sse4.1, sse4.2, popcnt, avx, avx2, aes, clmul, erms, lzcnt, ht, tsc, tscinvbit, bmi1, bmi2

Memory: 4k page, physical 8266008k(787580k free), swap 19947228k(3928k free)

vm_info: OpenJDK 64-Bit Server VM (25.76-b01) for windows-amd64 JRE (1.8.0_76-release-b01), built on May 12 2016 23:29:00 by "ralucas" with MS VC++ 10.0 (VS2010)

time: Thu Jun 30 19:30:08 2016
elapsed time: 2 seconds (0d 0h 0m 2s)

