#
# There is insufficient memory for the Java Runtime Environment to continue.
# Native memory allocation (malloc) failed to allocate 279792 bytes for Chunk::new
# Possible reasons:
#   The system is out of physical RAM or swap space
#   In 32 bit mode, the process size limit was hit
# Possible solutions:
#   Reduce memory load on the system
#   Increase physical memory or swap space
#   Check if swap backing store is full
#   Use 64 bit Java on a 64 bit OS
#   Decrease Java heap size (-Xmx/-Xms)
#   Decrease number of Java threads
#   Decrease Java thread stack sizes (-Xss)
#   Set larger code cache with -XX:ReservedCodeCacheSize=
# This output file may be truncated or incomplete.
#
#  Out of Memory Error (allocation.cpp:390), pid=10576, tid=0x000000000000140c
#
# JRE version: OpenJDK Runtime Environment (8.0_76-b01) (build 1.8.0_76-release-b01)
# Java VM: OpenJDK 64-Bit Server VM (25.76-b01 mixed mode windows-amd64 compressed oops)
# Failed to write core dump. Minidumps are not enabled by default on client versions of Windows
#

---------------  T H R E A D  ---------------

Current thread (0x000000001bcee800):  JavaThread "C2 CompilerThread1" daemon [_thread_in_native, id=5132, stack(0x000000001d420000,0x000000001d520000)]

Stack: [0x000000001d420000,0x000000001d520000]
[error occurred during error reporting (printing stack bounds), id 0xc0000005]

Native frames: (J=compiled Java code, j=interpreted, Vv=VM code, C=native code)


Current CompileTask:
C2:   2601 1070       4       com.android.dx.ssa.SsaMethod::forEachInsn (36 bytes)


---------------  P R O C E S S  ---------------

Java Threads: ( => current thread )
  0x000000001bd4e800 JavaThread "Service Thread" daemon [_thread_blocked, id=13472, stack(0x000000001da20000,0x000000001db20000)]
  0x000000001bd48000 JavaThread "C1 CompilerThread2" daemon [_thread_blocked, id=14436, stack(0x000000001d520000,0x000000001d620000)]
=>0x000000001bcee800 JavaThread "C2 CompilerThread1" daemon [_thread_in_native, id=5132, stack(0x000000001d420000,0x000000001d520000)]
  0x000000001bceb800 JavaThread "C2 CompilerThread0" daemon [_thread_in_native, id=14232, stack(0x000000001d320000,0x000000001d420000)]
  0x000000001bcea000 JavaThread "Attach Listener" daemon [_thread_blocked, id=14720, stack(0x000000001d220000,0x000000001d320000)]
  0x000000001bce9000 JavaThread "Signal Dispatcher" daemon [_thread_blocked, id=12948, stack(0x000000001d120000,0x000000001d220000)]
  0x000000001bcd8800 JavaThread "Finalizer" daemon [_thread_blocked, id=14744, stack(0x000000001cf40000,0x000000001d040000)]
  0x00000000025c1000 JavaThread "Reference Handler" daemon [_thread_blocked, id=12856, stack(0x000000001ce40000,0x000000001cf40000)]
  0x000000000227d800 JavaThread "main" [_thread_in_Java, id=13008, stack(0x00000000023d0000,0x00000000024d0000)]

Other Threads:
  0x000000001bcb5800 VMThread [stack: 0x000000001cd40000,0x000000001ce40000] [id=9784]
  0x000000001d62c000 WatcherThread [stack: 0x000000001db20000,0x000000001dc20000] [id=13656]

VM state:not at safepoint (normal execution)

VM Mutex/Monitor currently owned by a thread: None

Heap:
 PSYoungGen      total 38400K, used 18717K [0x000000076ab00000, 0x000000076d580000, 0x00000007c0000000)
  eden space 33280K, 56% used [0x000000076ab00000,0x000000076bd475f8,0x000000076cb80000)
  from space 5120K, 0% used [0x000000076d080000,0x000000076d080000,0x000000076d580000)
  to   space 5120K, 0% used [0x000000076cb80000,0x000000076cb80000,0x000000076d080000)
 ParOldGen       total 87552K, used 0K [0x00000006c0000000, 0x00000006c5580000, 0x000000076ab00000)
  object space 87552K, 0% used [0x00000006c0000000,0x00000006c0000000,0x00000006c5580000)
 Metaspace       used 5529K, capacity 6832K, committed 7040K, reserved 1056768K
  class space    used 531K, capacity 616K, committed 640K, reserved 1048576K

Card table byte_map: [0x0000000011990000,0x00000000121a0000] byte_map_base: 0x000000000e390000

Marking Bits: (ParMarkBitMap*) 0x000000006d529d00
 Begin Bits: [0x0000000012b00000, 0x0000000016b00000)
 End Bits:   [0x0000000016b00000, 0x000000001ab00000)

Polling page: 0x0000000002260000

CodeCache: size=245760Kb used=4594Kb max_used=4594Kb free=241165Kb
 bounds [0x00000000025d0000, 0x0000000002a50000, 0x00000000115d0000]
 total_blobs=1355 nmethods=1092 adapters=177
 compilation: enabled

Compilation events (10 events):
Event: 2.590 Thread 0x000000001bd48000 1092       3       com.android.dx.ssa.DomFront::calcDomFronts (154 bytes)
Event: 2.592 Thread 0x000000001bd48000 nmethod 1092 0x0000000002a4a3d0 code [0x0000000002a4a660, 0x0000000002a4b628]
Event: 2.593 Thread 0x000000001bd48000 1093       3       com.android.dx.ssa.DomFront::buildDomTree (72 bytes)
Event: 2.595 Thread 0x000000001bd48000 nmethod 1093 0x0000000002a4c2d0 code [0x0000000002a4c540, 0x0000000002a4d408]
Event: 2.597 Thread 0x000000001bd48000 1094       3       com.android.dx.rop.annotation.Annotations::size (8 bytes)
Event: 2.597 Thread 0x000000001bd48000 nmethod 1094 0x0000000002a4ded0 code [0x0000000002a4e020, 0x0000000002a4e1b0]
Event: 2.597 Thread 0x000000001bd48000 1095       3       com.android.dx.rop.cst.CstFieldRef::compareTo0 (43 bytes)
Event: 2.598 Thread 0x000000001bd48000 nmethod 1095 0x0000000002a4e250 code [0x0000000002a4e440, 0x0000000002a4f0e8]
Event: 2.598 Thread 0x000000001bd48000 1096       3       java.util.TreeMap::rotateLeft (96 bytes)
Event: 2.599 Thread 0x000000001bd48000 nmethod 1096 0x0000000002a4f5d0 code [0x0000000002a4f740, 0x0000000002a4fad0]

GC Heap History (0 events):
No events

Deoptimization events (4 events):
Event: 1.126 Thread 0x000000000227d800 Uncommon trap: reason=unstable_if action=reinterpret pc=0x00000000027bd4a8 method=java.util.HashMap.getNode(ILjava/lang/Object;)Ljava/util/HashMap$Node; @ 62
Event: 1.837 Thread 0x000000000227d800 Uncommon trap: reason=unstable_if action=reinterpret pc=0x0000000002847810 method=java.util.HashMap.getNode(ILjava/lang/Object;)Ljava/util/HashMap$Node; @ 129
Event: 1.837 Thread 0x000000000227d800 Uncommon trap: reason=unstable_if action=reinterpret pc=0x0000000002869884 method=java.util.HashMap.getNode(ILjava/lang/Object;)Ljava/util/HashMap$Node; @ 129
Event: 1.843 Thread 0x000000000227d800 Uncommon trap: reason=unstable_if action=reinterpret pc=0x00000000027d03b4 method=java.util.BitSet.nextSetBit(I)I @ 87

Internal exceptions (2 events):
Event: 0.100 Thread 0x000000000227d800 Exception <a 'java/lang/NoSuchMethodError': Method sun.misc.Unsafe.defineClass(Ljava/lang/String;[BII)Ljava/lang/Class; name or signature does not match> (0x000000076ab07cc0) thrown at [C:\src\android\AOSP-openjdk\external\jetbrains\jdk\hotspot\src\share\v:£!¥¹?
Event: 0.100 Thread 0x000000000227d800 Exception <a 'java/lang/NoSuchMethodError': Method sun.misc.Unsafe.prefetchRead(Ljava/lang/Object;J)V name or signature does not match> (0x000000076ab07fa8) thrown at [C:\src\android\AOSP-openjdk\external\jetbrains\jdk\hotspot\src\share\vm\prims\jni.cpp, l

Events (10 events):
Event: 1.837 Thread 0x000000000227d800 Uncommon trap: trap_request=0xffffff65 fr.pc=0x0000000002869884
Event: 1.837 Thread 0x000000000227d800 DEOPT PACKING pc=0x0000000002869884 sp=0x00000000024cdc90
Event: 1.837 Thread 0x000000000227d800 DEOPT UNPACKING pc=0x000000000261556a sp=0x00000000024cdc30 mode 2
Event: 1.843 Thread 0x000000000227d800 Uncommon trap: trap_request=0xffffff65 fr.pc=0x00000000027d03b4
Event: 1.843 Thread 0x000000000227d800 DEOPT PACKING pc=0x00000000027d03b4 sp=0x00000000024ce8a0
Event: 1.843 Thread 0x000000000227d800 DEOPT UNPACKING pc=0x000000000261556a sp=0x00000000024ce838 mode 2
Event: 2.097 loading class com/android/dx/cf/attrib/AttExceptions
Event: 2.097 loading class com/android/dx/cf/attrib/AttExceptions done
Event: 2.473 Executing VM operation: ForceSafepoint
Event: 2.474 Executing VM operation: ForceSafepoint done


Dynamic libraries:
0x00007ff78d510000 - 0x00007ff78d545000 	C:\Program Files\Android\android-studio\jre\bin\java.exe
0x00007ffaa26c0000 - 0x00007ffaa2881000 	C:\WINDOWS\SYSTEM32\ntdll.dll
0x00007ffaa0090000 - 0x00007ffaa013d000 	C:\WINDOWS\system32\KERNEL32.DLL
0x00007ffa9f220000 - 0x00007ffa9f408000 	C:\WINDOWS\system32\KERNELBASE.dll
0x00007ffa9ff10000 - 0x00007ffa9ffb7000 	C:\WINDOWS\system32\ADVAPI32.dll
0x00007ffa9fad0000 - 0x00007ffa9fb6d000 	C:\WINDOWS\system32\msvcrt.dll
0x00007ffa9fcd0000 - 0x00007ffa9fd2b000 	C:\WINDOWS\system32\sechost.dll
0x00007ffaa09c0000 - 0x00007ffaa0adc000 	C:\WINDOWS\system32\RPCRT4.dll
0x00007ffa9fb70000 - 0x00007ffa9fcc6000 	C:\WINDOWS\system32\USER32.dll
0x00007ffa9fd30000 - 0x00007ffa9feb6000 	C:\WINDOWS\system32\GDI32.dll
0x00007ffa8cb50000 - 0x00007ffa8cdc4000 	C:\WINDOWS\WinSxS\amd64_microsoft.windows.common-controls_6595b64144ccf1df_6.0.10586.0_none_8c15ae12515e1c22\COMCTL32.dll
0x00007ffaa0ae0000 - 0x00007ffaa0d5d000 	C:\WINDOWS\system32\combase.dll
0x00007ffa9f060000 - 0x00007ffa9f0ca000 	C:\WINDOWS\system32\bcryptPrimitives.dll
0x00007ffa9fed0000 - 0x00007ffa9ff0b000 	C:\WINDOWS\system32\IMM32.DLL
0x000000006cc90000 - 0x000000006cd62000 	C:\Program Files\Android\android-studio\jre\jre\bin\msvcr100.dll
0x000000006cd70000 - 0x000000006d5a4000 	C:\Program Files\Android\android-studio\jre\jre\bin\server\jvm.dll
0x00007ffa9fac0000 - 0x00007ffa9fac8000 	C:\WINDOWS\system32\PSAPI.DLL
0x00007ffa9d2d0000 - 0x00007ffa9d2f3000 	C:\WINDOWS\SYSTEM32\WINMM.dll
0x00007ffa8c240000 - 0x00007ffa8c249000 	C:\WINDOWS\SYSTEM32\WSOCK32.dll
0x00007ffaa24a0000 - 0x00007ffaa250b000 	C:\WINDOWS\system32\WS2_32.dll
0x00007ffa91ad0000 - 0x00007ffa91ada000 	C:\WINDOWS\SYSTEM32\VERSION.dll
0x00007ffa9cfc0000 - 0x00007ffa9cfec000 	C:\WINDOWS\SYSTEM32\WINMMBASE.dll
0x00007ffa9ed90000 - 0x00007ffa9edd3000 	C:\WINDOWS\system32\cfgmgr32.dll
0x00007ffa88ad0000 - 0x00007ffa88adf000 	C:\Program Files\Android\android-studio\jre\jre\bin\verify.dll
0x00007ffa776f0000 - 0x00007ffa77719000 	C:\Program Files\Android\android-studio\jre\jre\bin\java.dll
0x00007ffa776d0000 - 0x00007ffa776e6000 	C:\Program Files\Android\android-studio\jre\jre\bin\zip.dll
0x00007ffaa0d60000 - 0x00007ffaa22bc000 	C:\WINDOWS\system32\SHELL32.dll
0x00007ffa9f410000 - 0x00007ffa9fa54000 	C:\WINDOWS\system32\windows.storage.dll
0x00007ffaa0960000 - 0x00007ffaa09b2000 	C:\WINDOWS\system32\shlwapi.dll
0x00007ffa9ed10000 - 0x00007ffa9ed1f000 	C:\WINDOWS\system32\kernel.appcore.dll
0x00007ffa9f0d0000 - 0x00007ffa9f185000 	C:\WINDOWS\system32\shcore.dll
0x00007ffa9ed20000 - 0x00007ffa9ed6b000 	C:\WINDOWS\system32\powrprof.dll
0x00007ffa9ecf0000 - 0x00007ffa9ed04000 	C:\WINDOWS\system32\profapi.dll

VM Arguments:
jvm_args: -Djava.awt.headless=true -Xmx4g -Dfile.encoding=UTF-8 -Duser.country=CA -Duser.language=en -Duser.variant 
java_command: com.android.dx.command.Main --dex --output C:\Users\kykrueger\Documents\SoftwareProjects\chatcatAndroid\Chatcat-Android\app\build\intermediates\pre-dexed\debug\slf4j-api-1.7.10_8d8670f27b2831201c1b27dd5f45b47c787cbc33.jar C:\Users\kykrueger\Documents\SoftwareProjects\chatcatAndroid\Chatcat-Android\app\build\intermediates\exploded-aar\Chatcat-Android\sdk\unspecified\jars\libs\slf4j-api-1.7.10.jar
java_class_path (initial): C:\Users\kykrueger\AppData\Local\Android\sdk\build-tools\21.1.2\lib\dx.jar
Launcher Type: SUN_STANDARD

Environment Variables:
PATH=C:\ProgramData\Oracle\Java\javapath;C:\Program Files\Java\jdk1.7.0_71\bin; C:\WinAVR-20100110\bin;C:\WinAVR-20100110\utils\bin;C:\Program Files (x86)\Intel\iCLS Client\;C:\Program Files\Intel\iCLS Client\;C:\WINDOWS\system32;C:\WINDOWS;C:\WINDOWS\System32\Wbem;C:\WINDOWS\System32\WindowsPowerShell\v1.0\;C:\Program Files (x86)\Intel\OpenCL SDK\3.0\bin\x86;C:\Program Files (x86)\Intel\OpenCL SDK\3.0\bin\x64;C:\Program Files\Intel\Intel(R) Management Engine Components\DAL;C:\Program Files\Intel\Intel(R) Management Engine Components\IPT;C:\Program Files (x86)\Intel\Intel(R) Management Engine Components\DAL;C:\Program Files (x86)\Intel\Intel(R) Management Engine Components\IPT;C:\Program Files (x86)\MiKTeX 2.9\miktex\bin\;C:\Program Files\Microsoft\Web Platform Installer\;C:\Program Files (x86)\Microsoft ASP.NET\ASP.NET Web Pages\v1.0\;C:\Program Files (x86)\Windows Kits\8.0\Windows Performance Toolkit\;C:\Program Files\Microsoft SQL Server\110\Tools\Binn\;C:\Program Files\MiKTeX 2.9\miktex\bin\x64\;C:\WINDOWS\system32;C:\WINDOWS;C:\WINDOWS\System32\Wbem;C:\WINDOWS\System32\WindowsPowerShell\v1.0\;C:\Program Files (x86)\Skype\Phone\;C:\Program Files\MATLAB\R2013a\runtime\win64;C:\Program Files\MATLAB\R2013a\bin
USERNAME=kykrueger
OS=Windows_NT
PROCESSOR_IDENTIFIER=Intel64 Family 6 Model 69 Stepping 1, GenuineIntel



---------------  S Y S T E M  ---------------

OS: Windows 10.0 , 64 bit Build 10586 (10.0.10586.0)

CPU:total 4 (2 cores per cpu, 2 threads per core) family 6 model 69 stepping 1, cmov, cx8, fxsr, mmx, sse, sse2, sse3, ssse3, sse4.1, sse4.2, popcnt, avx, avx2, aes, clmul, erms, lzcnt, ht, tsc, tscinvbit, bmi1, bmi2

Memory: 4k page, physical 8266008k(787596k free), swap 19947228k(4932k free)

vm_info: OpenJDK 64-Bit Server VM (25.76-b01) for windows-amd64 JRE (1.8.0_76-release-b01), built on May 12 2016 23:29:00 by "ralucas" with MS VC++ 10.0 (VS2010)

time: Thu Jun 30 19:30:08 2016
elapsed time: 2 seconds (0d 0h 0m 2s)

