#
# There is insufficient memory for the Java Runtime Environment to continue.
# Native memory allocation (malloc) failed to allocate 265616 bytes for Chunk::new
# Possible reasons:
#   The system is out of physical RAM or swap space
#   In 32 bit mode, the process size limit was hit
# Possible solutions:
#   Reduce memory load on the system
#   Increase physical memory or swap space
#   Check if swap backing store is full
#   Use 64 bit Java on a 64 bit OS
#   Decrease Java heap size (-Xmx/-Xms)
#   Decrease number of Java threads
#   Decrease Java thread stack sizes (-Xss)
#   Set larger code cache with -XX:ReservedCodeCacheSize=
# This output file may be truncated or incomplete.
#
#  Out of Memory Error (allocation.cpp:390), pid=3188, tid=0x000000000000252c
#
# JRE version: OpenJDK Runtime Environment (8.0_76-b01) (build 1.8.0_76-release-b01)
# Java VM: OpenJDK 64-Bit Server VM (25.76-b01 mixed mode windows-amd64 compressed oops)
# Failed to write core dump. Minidumps are not enabled by default on client versions of Windows
#

---------------  T H R E A D  ---------------

Current thread (0x000000001c0f9000):  JavaThread "C2 CompilerThread1" daemon [_thread_in_native, id=9516, stack(0x000000001d840000,0x000000001d940000)]

Stack: [0x000000001d840000,0x000000001d940000]
[error occurred during error reporting (printing stack bounds), id 0xc0000005]

Native frames: (J=compiled Java code, j=interpreted, Vv=VM code, C=native code)


Current CompileTask:
C2:   4768 1217       4       com.android.dx.ssa.SCCP::simulateBranch (666 bytes)


---------------  P R O C E S S  ---------------

Java Threads: ( => current thread )
  0x000000001d956800 JavaThread "Service Thread" daemon [_thread_blocked, id=5412, stack(0x000000001de40000,0x000000001df40000)]
  0x000000001d948800 JavaThread "C1 CompilerThread2" daemon [_thread_blocked, id=12516, stack(0x000000001dd40000,0x000000001de40000)]
=>0x000000001c0f9000 JavaThread "C2 CompilerThread1" daemon [_thread_in_native, id=9516, stack(0x000000001d840000,0x000000001d940000)]
  0x000000001c108800 JavaThread "C2 CompilerThread0" daemon [_thread_in_native, id=14044, stack(0x000000001d740000,0x000000001d840000)]
  0x000000001c107800 JavaThread "Attach Listener" daemon [_thread_blocked, id=11812, stack(0x000000001d640000,0x000000001d740000)]
  0x000000001c104800 JavaThread "Signal Dispatcher" daemon [_thread_blocked, id=14444, stack(0x000000001d540000,0x000000001d640000)]
  0x0000000002a2d000 JavaThread "Finalizer" daemon [_thread_blocked, id=8124, stack(0x000000001d360000,0x000000001d460000)]
  0x0000000002a21000 JavaThread "Reference Handler" daemon [_thread_blocked, id=14128, stack(0x000000001d260000,0x000000001d360000)]
  0x000000000100d800 JavaThread "main" [_thread_in_Java, id=12028, stack(0x0000000002830000,0x0000000002930000)]

Other Threads:
  0x000000001c0c5800 VMThread [stack: 0x000000001d160000,0x000000001d260000] [id=10224]
  0x000000001d957800 WatcherThread [stack: 0x000000001df40000,0x000000001e040000] [id=13540]

VM state:not at safepoint (normal execution)

VM Mutex/Monitor currently owned by a thread: None

Heap:
 PSYoungGen      total 38400K, used 25578K [0x000000076ab00000, 0x000000076d580000, 0x00000007c0000000)
  eden space 33280K, 76% used [0x000000076ab00000,0x000000076c3fab90,0x000000076cb80000)
  from space 5120K, 0% used [0x000000076d080000,0x000000076d080000,0x000000076d580000)
  to   space 5120K, 0% used [0x000000076cb80000,0x000000076cb80000,0x000000076d080000)
 ParOldGen       total 87552K, used 0K [0x00000006c0000000, 0x00000006c5580000, 0x000000076ab00000)
  object space 87552K, 0% used [0x00000006c0000000,0x00000006c0000000,0x00000006c5580000)
 Metaspace       used 5620K, capacity 6896K, committed 7040K, reserved 1056768K
  class space    used 537K, capacity 616K, committed 640K, reserved 1048576K

Card table byte_map: [0x0000000011df0000,0x0000000012600000] byte_map_base: 0x000000000e7f0000

Marking Bits: (ParMarkBitMap*) 0x000000006d529d00
 Begin Bits: [0x0000000012f60000, 0x0000000016f60000)
 End Bits:   [0x0000000016f60000, 0x000000001af60000)

Polling page: 0x0000000000fa0000

CodeCache: size=245760Kb used=5332Kb max_used=5332Kb free=240427Kb
 bounds [0x0000000002a30000, 0x0000000002f70000, 0x0000000011a30000]
 total_blobs=1484 nmethods=1221 adapters=177
 compilation: enabled

Compilation events (10 events):
Event: 4.743 Thread 0x000000001d948800 1218       3       com.android.dx.util.LabeledList::rebuildLabelToIndex (46 bytes)
Event: 4.744 Thread 0x000000001d948800 nmethod 1218 0x0000000002f56a50 code [0x0000000002f56c00, 0x0000000002f57288]
Event: 4.744 Thread 0x000000001d948800 1219       3       java.util.TreeMap$Values::iterator (19 bytes)
Event: 4.745 Thread 0x000000001d948800 nmethod 1219 0x0000000002f56150 code [0x0000000002f562e0, 0x0000000002f567f0]
Event: 4.745 Thread 0x000000001d948800 1220       3       java.util.TreeMap$ValueIterator::<init> (12 bytes)
Event: 4.745 Thread 0x000000001d948800 nmethod 1220 0x0000000002f668d0 code [0x0000000002f66a40, 0x0000000002f66cd0]
Event: 4.746 Thread 0x000000001d948800 1221       3       com.android.dx.rop.cst.TypedConstant::getBasicType (8 bytes)
Event: 4.747 Thread 0x000000001d948800 nmethod 1221 0x0000000002f66e10 code [0x0000000002f66f80, 0x0000000002f67228]
Event: 4.747 Thread 0x000000001d948800 1222       3       com.android.dx.ssa.back.InterferenceGraph::<init> (42 bytes)
Event: 4.748 Thread 0x000000001d948800 nmethod 1222 0x0000000002f672d0 code [0x0000000002f674e0, 0x0000000002f67fc8]

GC Heap History (0 events):
No events

Deoptimization events (7 events):
Event: 3.066 Thread 0x000000000100d800 Uncommon trap: reason=unstable_if action=reinterpret pc=0x0000000002d907b4 method=com.android.dx.rop.code.RegisterSpecSet.put(Lcom/android/dx/rop/code/RegisterSpec;)V @ 77
Event: 3.066 Thread 0x000000000100d800 Uncommon trap: reason=unstable_if action=reinterpret pc=0x0000000002e36328 method=com.android.dx.rop.code.RegisterSpecSet.put(Lcom/android/dx/rop/code/RegisterSpec;)V @ 77
Event: 3.239 Thread 0x000000000100d800 Uncommon trap: reason=null_check action=make_not_entrant pc=0x0000000002e134b0 method=com.android.dx.rop.type.Type.equals(Ljava/lang/Object;)Z @ 8
Event: 4.518 Thread 0x000000000100d800 Uncommon trap: reason=bimorphic action=maybe_recompile pc=0x0000000002f2fc48 method=com.android.dx.cf.code.BytecodeArray.parseInstruction(ILcom/android/dx/cf/code/BytecodeArray$Visitor;)I @ 2281
Event: 4.518 Thread 0x000000000100d800 Uncommon trap: reason=bimorphic action=maybe_recompile pc=0x0000000002f2fc48 method=com.android.dx.cf.code.BytecodeArray.parseInstruction(ILcom/android/dx/cf/code/BytecodeArray$Visitor;)I @ 2281
Event: 4.521 Thread 0x000000000100d800 Uncommon trap: reason=bimorphic action=maybe_recompile pc=0x0000000002f2fc48 method=com.android.dx.cf.code.BytecodeArray.parseInstruction(ILcom/android/dx/cf/code/BytecodeArray$Visitor;)I @ 2281
Event: 4.521 Thread 0x000000000100d800 Uncommon trap: reason=bimorphic action=maybe_recompile pc=0x0000000002f2fc48 method=com.android.dx.cf.code.BytecodeArray.parseInstruction(ILcom/android/dx/cf/code/BytecodeArray$Visitor;)I @ 2281

Internal exceptions (3 events):
Event: 0.105 Thread 0x000000000100d800 Exception <a 'java/lang/NoSuchMethodError': Method sun.misc.Unsafe.defineClass(Ljava/lang/String;[BII)Ljava/lang/Class; name or signature does not match> (0x000000076ab07cc0) thrown at [C:\src\android\AOSP-openjdk\external\jetbrains\jdk\hotspot\src\share\v%ëº?
Event: 0.105 Thread 0x000000000100d800 Exception <a 'java/lang/NoSuchMethodError': Method sun.misc.Unsafe.prefetchRead(Ljava/lang/Object;J)V name or signature does not match> (0x000000076ab07fa8) thrown at [C:\src\android\AOSP-openjdk\external\jetbrains\jdk\hotspot\src\share\vm\prims\jni.cpp, l-=)jcé	@
Event: 3.239 Thread 0x000000000100d800 Implicit null exception at 0x0000000002e133a2 to 0x0000000002e134a2

Events (10 events):
Event: 4.518 Thread 0x000000000100d800 DEOPT PACKING pc=0x0000000002f2fc48 sp=0x000000000292e9f0
Event: 4.518 Thread 0x000000000100d800 DEOPT UNPACKING pc=0x0000000002a7556a sp=0x000000000292e980 mode 2
Event: 4.521 Thread 0x000000000100d800 Uncommon trap: trap_request=0xffffffc6 fr.pc=0x0000000002f2fc48
Event: 4.521 Thread 0x000000000100d800 DEOPT PACKING pc=0x0000000002f2fc48 sp=0x000000000292ec10
Event: 4.521 Thread 0x000000000100d800 DEOPT UNPACKING pc=0x0000000002a7556a sp=0x000000000292eba0 mode 2
Event: 4.521 Thread 0x000000000100d800 Uncommon trap: trap_request=0xffffffc6 fr.pc=0x0000000002f2fc48
Event: 4.521 Thread 0x000000000100d800 DEOPT PACKING pc=0x0000000002f2fc48 sp=0x000000000292e9f0
Event: 4.521 Thread 0x000000000100d800 DEOPT UNPACKING pc=0x0000000002a7556a sp=0x000000000292e980 mode 2
Event: 4.601 Thread 0x000000000100d800 DEOPT PACKING pc=0x0000000002d8cc45 sp=0x000000000292ec60
Event: 4.601 Thread 0x000000000100d800 DEOPT UNPACKING pc=0x0000000002a775bf sp=0x000000000292ea40 mode 0


Dynamic libraries:
0x00007ff78d510000 - 0x00007ff78d545000 	C:\Program Files\Android\android-studio\jre\bin\java.exe
0x00007ffaa26c0000 - 0x00007ffaa2881000 	C:\WINDOWS\SYSTEM32\ntdll.dll
0x00007ffaa0090000 - 0x00007ffaa013d000 	C:\WINDOWS\system32\KERNEL32.DLL
0x00007ffa9f220000 - 0x00007ffa9f408000 	C:\WINDOWS\system32\KERNELBASE.dll
0x00007ffa9ff10000 - 0x00007ffa9ffb7000 	C:\WINDOWS\system32\ADVAPI32.dll
0x00007ffa9fad0000 - 0x00007ffa9fb6d000 	C:\WINDOWS\system32\msvcrt.dll
0x00007ffa9fcd0000 - 0x00007ffa9fd2b000 	C:\WINDOWS\system32\sechost.dll
0x00007ffaa09c0000 - 0x00007ffaa0adc000 	C:\WINDOWS\system32\RPCRT4.dll
0x00007ffa9fb70000 - 0x00007ffa9fcc6000 	C:\WINDOWS\system32\USER32.dll
0x00007ffa9fd30000 - 0x00007ffa9feb6000 	C:\WINDOWS\system32\GDI32.dll
0x00007ffa8cb50000 - 0x00007ffa8cdc4000 	C:\WINDOWS\WinSxS\amd64_microsoft.windows.common-controls_6595b64144ccf1df_6.0.10586.0_none_8c15ae12515e1c22\COMCTL32.dll
0x00007ffaa0ae0000 - 0x00007ffaa0d5d000 	C:\WINDOWS\system32\combase.dll
0x00007ffa9f060000 - 0x00007ffa9f0ca000 	C:\WINDOWS\system32\bcryptPrimitives.dll
0x00007ffa9fed0000 - 0x00007ffa9ff0b000 	C:\WINDOWS\system32\IMM32.DLL
0x000000006cc90000 - 0x000000006cd62000 	C:\Program Files\Android\android-studio\jre\jre\bin\msvcr100.dll
0x000000006cd70000 - 0x000000006d5a4000 	C:\Program Files\Android\android-studio\jre\jre\bin\server\jvm.dll
0x00007ffa9fac0000 - 0x00007ffa9fac8000 	C:\WINDOWS\system32\PSAPI.DLL
0x00007ffa8c240000 - 0x00007ffa8c249000 	C:\WINDOWS\SYSTEM32\WSOCK32.dll
0x00007ffaa24a0000 - 0x00007ffaa250b000 	C:\WINDOWS\system32\WS2_32.dll
0x00007ffa9d2d0000 - 0x00007ffa9d2f3000 	C:\WINDOWS\SYSTEM32\WINMM.dll
0x00007ffa91ad0000 - 0x00007ffa91ada000 	C:\WINDOWS\SYSTEM32\VERSION.dll
0x00007ffa9cfc0000 - 0x00007ffa9cfec000 	C:\WINDOWS\SYSTEM32\WINMMBASE.dll
0x00007ffa9ed90000 - 0x00007ffa9edd3000 	C:\WINDOWS\system32\cfgmgr32.dll
0x00007ffa88ad0000 - 0x00007ffa88adf000 	C:\Program Files\Android\android-studio\jre\jre\bin\verify.dll
0x00007ffa776f0000 - 0x00007ffa77719000 	C:\Program Files\Android\android-studio\jre\jre\bin\java.dll
0x00007ffa776d0000 - 0x00007ffa776e6000 	C:\Program Files\Android\android-studio\jre\jre\bin\zip.dll
0x00007ffaa0d60000 - 0x00007ffaa22bc000 	C:\WINDOWS\system32\SHELL32.dll
0x00007ffa9f410000 - 0x00007ffa9fa54000 	C:\WINDOWS\system32\windows.storage.dll
0x00007ffaa0960000 - 0x00007ffaa09b2000 	C:\WINDOWS\system32\shlwapi.dll
0x00007ffa9ed10000 - 0x00007ffa9ed1f000 	C:\WINDOWS\system32\kernel.appcore.dll
0x00007ffa9f0d0000 - 0x00007ffa9f185000 	C:\WINDOWS\system32\shcore.dll
0x00007ffa9ed20000 - 0x00007ffa9ed6b000 	C:\WINDOWS\system32\powrprof.dll
0x00007ffa9ecf0000 - 0x00007ffa9ed04000 	C:\WINDOWS\system32\profapi.dll

VM Arguments:
jvm_args: -Djava.awt.headless=true -Xmx4g -Dfile.encoding=UTF-8 -Duser.country=CA -Duser.language=en -Duser.variant 
java_command: com.android.dx.command.Main --dex --output C:\Users\kykrueger\Documents\SoftwareProjects\chatcatAndroid\Chatcat-Android\app\build\intermediates\pre-dexed\debug\commons-lang3-3.3.2_07581fa06c25b3228e1bedc12a6732c3e44aac3d.jar C:\Program Files\Android\android-studio\gradle\m2repository\org\apache\commons\commons-lang3\3.3.2\commons-lang3-3.3.2.jar
java_class_path (initial): C:\Users\kykrueger\AppData\Local\Android\sdk\build-tools\21.1.2\lib\dx.jar
Launcher Type: SUN_STANDARD

Environment Variables:
PATH=C:\ProgramData\Oracle\Java\javapath;C:\Program Files\Java\jdk1.7.0_71\bin; C:\WinAVR-20100110\bin;C:\WinAVR-20100110\utils\bin;C:\Program Files (x86)\Intel\iCLS Client\;C:\Program Files\Intel\iCLS Client\;C:\WINDOWS\system32;C:\WINDOWS;C:\WINDOWS\System32\Wbem;C:\WINDOWS\System32\WindowsPowerShell\v1.0\;C:\Program Files (x86)\Intel\OpenCL SDK\3.0\bin\x86;C:\Program Files (x86)\Intel\OpenCL SDK\3.0\bin\x64;C:\Program Files\Intel\Intel(R) Management Engine Components\DAL;C:\Program Files\Intel\Intel(R) Management Engine Components\IPT;C:\Program Files (x86)\Intel\Intel(R) Management Engine Components\DAL;C:\Program Files (x86)\Intel\Intel(R) Management Engine Components\IPT;C:\Program Files (x86)\MiKTeX 2.9\miktex\bin\;C:\Program Files\Microsoft\Web Platform Installer\;C:\Program Files (x86)\Microsoft ASP.NET\ASP.NET Web Pages\v1.0\;C:\Program Files (x86)\Windows Kits\8.0\Windows Performance Toolkit\;C:\Program Files\Microsoft SQL Server\110\Tools\Binn\;C:\Program Files\MiKTeX 2.9\miktex\bin\x64\;C:\WINDOWS\system32;C:\WINDOWS;C:\WINDOWS\System32\Wbem;C:\WINDOWS\System32\WindowsPowerShell\v1.0\;C:\Program Files (x86)\Skype\Phone\;C:\Program Files\MATLAB\R2013a\runtime\win64;C:\Program Files\MATLAB\R2013a\bin
USERNAME=kykrueger
OS=Windows_NT
PROCESSOR_IDENTIFIER=Intel64 Family 6 Model 69 Stepping 1, GenuineIntel



---------------  S Y S T E M  ---------------

OS: Windows 10.0 , 64 bit Build 10586 (10.0.10586.0)

CPU:total 4 (2 cores per cpu, 2 threads per core) family 6 model 69 stepping 1, cmov, cx8, fxsr, mmx, sse, sse2, sse3, ssse3, sse4.1, sse4.2, popcnt, avx, avx2, aes, clmul, erms, lzcnt, ht, tsc, tscinvbit, bmi1, bmi2

Memory: 4k page, physical 8266008k(826924k free), swap 19947228k(5284k free)

vm_info: OpenJDK 64-Bit Server VM (25.76-b01) for windows-amd64 JRE (1.8.0_76-release-b01), built on May 12 2016 23:29:00 by "ralucas" with MS VC++ 10.0 (VS2010)

time: Thu Jun 30 19:29:55 2016
elapsed time: 4 seconds (0d 0h 0m 4s)

